#
# A fatal error has been detected by the Java Runtime Environment:
#
#  EXCEPTION_ACCESS_VIOLATION (0xc0000005) at pc=0x0000000070c17ed0, pid=33140, tid=4284
#
# JRE version: Java(TM) SE Runtime Environment (22.0.2+9) (build 22.0.2+9-70)
# Java VM: Java HotSpot(TM) 64-Bit Server VM (22.0.2+9-70, mixed mode, sharing, tiered, compressed oops, compressed class ptrs, g1 gc, windows-amd64)
# Problematic frame:
# C  0x0000000070c17ed0
#
# No core dump will be written. Minidumps are not enabled by default on client versions of Windows
#
# If you would like to submit a bug report, please visit:
#   https://bugreport.java.com/bugreport/crash.jsp
# The crash happened outside the Java Virtual Machine in native code.
# See problematic frame for where to report the bug.
#

---------------  S U M M A R Y ------------

Command Line: --enable-preview -javaagent:C:\Program Files\JetBrains\IntelliJ IDEA Community Edition 2024.2.1\lib\idea_rt.jar=61887:C:\Program Files\JetBrains\IntelliJ IDEA Community Edition 2024.2.1\bin -Dfile.encoding=UTF-8 -Dsun.stdout.encoding=UTF-8 -Dsun.stderr.encoding=UTF-8 --module-path=C:\Users\Admin\.m2\repository\org\openjfx\javafx-graphics\22.0.1\javafx-graphics-22.0.1-win.jar;C:\Users\Admin\.m2\repository\org\openjfx\javafx-fxml\22.0.1\javafx-fxml-22.0.1-win.jar;C:\Users\Admin\IdeaProjects\ProjectJava\Library_Management_504\target\classes;C:\Users\Admin\.m2\repository\org\json\json\20210307\json-20210307.jar;C:\Users\Admin\.m2\repository\org\openjfx\javafx-base\22.0.1\javafx-base-22.0.1-win.jar;C:\Users\Admin\.m2\repository\org\testng\testng\7.10.2\testng-7.10.2.jar;C:\Users\Admin\.m2\repository\org\openjfx\javafx-controls\22.0.1\javafx-controls-22.0.1-win.jar -Djdk.module.main=org.example org.example/org.example.Main

Host: 12th Gen Intel(R) Core(TM) i7-12700H, 20 cores, 15G,  Windows 11 , 64 bit Build 22621 (10.0.22621.4391)
Time: Wed Dec  4 20:43:47 2024 SE Asia Standard Time elapsed time: 23.570954 seconds (0d 0h 0m 23s)

---------------  T H R E A D  ---------------

Current thread (0x000002990b7d1be0):  JavaThread "pool-3-thread-1"        [_thread_in_native, id=4284, stack(0x000000f28f700000,0x000000f28f800000) (1024K)]

Stack: [0x000000f28f700000,0x000000f28f800000],  sp=0x000000f28f7ff260,  free space=1020k
Native frames: (J=compiled Java code, j=interpreted, Vv=VM code, C=native code)
C  0x0000000070c17ed0  (no source info available)
C  0x00000298b477dc11  (no source info available)

The last pc belongs to native method entry point (kind = native_synchronized) (printed below).
Java frames: (J=compiled Java code, j=interpreted, Vv=VM code)
j  org.sqlite.core.NativeDB.reset(J)I+0
j  org.sqlite.jdbc3.JDBC3PreparedStatement.executeQuery()Ljava/sql/ResultSet;+39
j  org.example.service.DocumentManager.getBorrowedDocumentsByUserId(Ljava/lang/String;)Ljava/util/List;+40 org.example
j  org.example.controller.document.BorrowedDocumentsController.lambda$refreshTable$3()V+8 org.example
j  org.example.controller.document.BorrowedDocumentsController$$Lambda+0x00000298c6338890.run()V+4 org.example
j  java.util.concurrent.ThreadPoolExecutor.runWorker(Ljava/util/concurrent/ThreadPoolExecutor$Worker;)V+92 java.base@22.0.2
j  java.util.concurrent.ThreadPoolExecutor$Worker.run()V+5 java.base@22.0.2
j  java.lang.Thread.runWith(Ljava/lang/Object;Ljava/lang/Runnable;)V+5 java.base@22.0.2
j  java.lang.Thread.run()V+19 java.base@22.0.2
v  ~StubRoutines::call_stub 0x00000298b477100d

siginfo: EXCEPTION_ACCESS_VIOLATION (0xc0000005), reading address 0x000002990c3e4958


Registers:
RAX=0x0000000000000000, RBX=0x000002990c3e4958, RCX=0x000002990c3e4958, RDX=0x000000f28f7ff370
RSP=0x000000f28f7ff260, RBP=0x000000f28f7ff340, RSI=0x0000000000000000, RDI=0x00000298b4778a08
R8 =0x000002990c3e4958, R9 =0x0000000000000001, R10=0x00000298b477dbe2, R11=0x0000000000000121
R12=0x0000000000000000, R13=0x0000029906ecad60, R14=0x000000f28f7ff370, R15=0x000002990b7d1be0
RIP=0x0000000070c17ed0, EFLAGS=0x0000000000010202


Register to memory mapping:

RAX=0x0 is null
RBX=0x000002990c3e4958 is an unknown value
RCX=0x000002990c3e4958 is an unknown value
RDX=0x000000f28f7ff370 is pointing into the stack for thread: 0x000002990b7d1be0
RSP=0x000000f28f7ff260 is pointing into the stack for thread: 0x000002990b7d1be0
RBP=0x000000f28f7ff340 is pointing into the stack for thread: 0x000002990b7d1be0
RSI=0x0 is null
RDI=0x00000298b4778a08 is at code_begin+1608 in an Interpreter codelet
return entry points  [0x00000298b47783c0, 0x00000298b4779050]  3216 bytes
R8 =0x000002990c3e4958 is an unknown value
R9 =0x0000000000000001 is an unknown value
R10=0x00000298b477dbe2 is at code_begin+1282 in an Interpreter codelet
native method entry point (kind = native_synchronized)  [0x00000298b477d6e0, 0x00000298b477e308]  3112 bytes
R11=0x0000000000000121 is an unknown value
R12=0x0 is null
R13={method} {0x0000029906ecad68} 'reset' '(J)I' in 'org/sqlite/core/NativeDB'
R14=0x000000f28f7ff370 is pointing into the stack for thread: 0x000002990b7d1be0
R15=0x000002990b7d1be0 is a thread

Top of Stack: (sp=0x000000f28f7ff260)
0x000000f28f7ff260:   0000029900000002 0000029915163470
0x000000f28f7ff270:   000000f28f7ff340 000000f28f7ff370
0x000000f28f7ff280:   00000007113eef68 00007ffc5851bc8e
0x000000f28f7ff290:   fffffffffffffff7 0000029906ecad60
0x000000f28f7ff2a0:   0000000000000000 00000298b477dc11
0x000000f28f7ff2b0:   00000298b4778a08 00000298b477d979
0x000000f28f7ff2c0:   0000029906ecad60 0000000000000000
0x000000f28f7ff2d0:   000000f28f7ff300 000000f28f7ff350
0x000000f28f7ff2e0:   00000298b477d924 0000000000000003
0x000000f28f7ff2f0:   00000007113eef68 fffffffffffffff5
0x000000f28f7ff300:   0000029906ecad60 0000000000000006
0x000000f28f7ff310:   0000029906f23880 0000000000000000
0x000000f28f7ff320:   000000070ff38610 0000029906ecad60
0x000000f28f7ff330:   0000000000000000 000000f28f7ff360
0x000000f28f7ff340:   000000f28f7ff3c0 00000298b4778a08
0x000000f28f7ff350:   0000000000000000 00000298b477a515
0x000000f28f7ff360:   000002990c3e4958 0000000000000000
0x000000f28f7ff370:   00000007113eef68 fffffffffffffff7
0x000000f28f7ff380:   0000029906f55207 0000000000000004
0x000000f28f7ff390:   0000029906f59970 0000000000000000
0x000000f28f7ff3a0:   000000070ff30bf8 0000029906f552a0
0x000000f28f7ff3b0:   fffffffffffffff4 000000f28f7ff3e0
0x000000f28f7ff3c0:   000000f28f7ff430 00000298b4778f60
0x000000f28f7ff3d0:   0000000000000000 0000000000000000
0x000000f28f7ff3e0:   00000007113efe90 fffffffffffffff7
0x000000f28f7ff3f0:   0000029906fb63b8 0000000000000009
0x000000f28f7ff400:   000002990701e7d0 0000000000000000
0x000000f28f7ff410:   000000071000bb08 0000029906fb6570
0x000000f28f7ff420:   fffffffffffffff6 000000f28f7ff470
0x000000f28f7ff430:   000000f28f7ff4c8 00000298b4778a5a
0x000000f28f7ff440:   0000000000000000 0000000000000000
0x000000f28f7ff450:   00000007113efe90 00000007113ee950 

Instructions: (pc=0x0000000070c17ed0)
0x0000000070c17dd0:   89 44 24 20 48 8b 13 e8 2c af fb ff 48 8b 43 10
0x0000000070c17de0:   48 89 43 28 eb 17 48 8b 4c 24 40 49 89 c0 48 89
0x0000000070c17df0:   da 48 81 c1 cf 01 00 00 e8 89 b0 fb ff 45 31 ed
0x0000000070c17e00:   48 8b 43 18 45 89 2c 24 48 89 45 28 48 81 c4 28
0x0000000070c17e10:   01 00 00 5b 5e 5f 5d 41 5c 41 5d 41 5e 41 5f c3
0x0000000070c17e20:   48 83 ec 38 48 8d 05 6d 8c ff ff 48 89 44 24 20
0x0000000070c17e30:   e8 17 f3 ff ff 48 83 c4 38 c3 56 53 48 83 ec 28
0x0000000070c17e40:   48 8b 31 48 89 cb 48 8b 49 10 48 85 c9 74 05 e8
0x0000000070c17e50:   78 cc ff ff 48 8b 93 58 01 00 00 48 89 f1 e8 63
0x0000000070c17e60:   53 fc ff 48 8b 93 60 01 00 00 48 85 d2 74 15 48
0x0000000070c17e70:   8b 42 28 48 89 f1 48 89 83 60 01 00 00 e8 1e 44
0x0000000070c17e80:   fc ff eb df 48 8b 93 68 01 00 00 48 89 f1 e8 b6
0x0000000070c17e90:   54 fc ff 48 8b 53 08 48 89 f1 e8 a8 51 fb ff 48
0x0000000070c17ea0:   8b 93 a8 01 00 00 48 89 f1 e8 5f 53 fb ff 48 89
0x0000000070c17eb0:   d9 48 83 c4 28 5b 5e e9 27 42 fc ff 56 53 48 83
0x0000000070c17ec0:   ec 38 31 c0 48 85 c9 48 89 cb 0f 84 84 00 00 00
0x0000000070c17ed0:   48 8b 31 48 8b 4e 18 e8 3d c1 fa ff 48 83 bb b8
0x0000000070c17ee0:   00 00 00 00 7e 0b 48 89 da 48 89 f1 e8 15 4f fb
0x0000000070c17ef0:   ff 48 89 d9 e8 0f cb ff ff 48 89 f1 89 c2 c7 43
0x0000000070c17f00:   24 a3 0d f2 2d c7 43 34 ff ff ff ff c7 43 38 00
0x0000000070c17f10:   00 00 00 c6 83 c2 00 00 00 02 c7 43 3c 00 00 00
0x0000000070c17f20:   00 c7 43 30 01 00 00 00 c6 83 c3 00 00 00 ff c7
0x0000000070c17f30:   43 40 00 00 00 00 48 c7 43 50 00 00 00 00 e8 6c
0x0000000070c17f40:   a4 fb ff 48 8b 4e 18 89 44 24 2c e8 e5 c0 fa ff
0x0000000070c17f50:   8b 44 24 2c 48 83 c4 38 5b 5e c3 55 57 56 53 48
0x0000000070c17f60:   83 ec 28 48 8b 31 48 89 cf 48 8b 89 a0 00 00 00
0x0000000070c17f70:   e8 fa 4f fb ff 48 8b 8f b0 00 00 00 e8 ee 4f fb
0x0000000070c17f80:   ff 48 8b 5f 38 48 85 db 74 36 83 7f 20 05 b8 02
0x0000000070c17f90:   00 00 00 75 09 31 c0 83 7f 24 00 0f 95 c0 48 8b
0x0000000070c17fa0:   56 28 48 89 d9 48 8d 2c c2 48 83 7d 28 00 75 0b
0x0000000070c17fb0:   e8 07 ff ff ff 48 89 5d 28 eb 05 e8 47 cb ff ff
0x0000000070c17fc0:   48 8b 5f 48 48 85 db 74 10 48 8b 0b e8 36 cb ff 


Stack slot to memory mapping:

stack at sp + 0 slots: 0x0000029900000002 is an unknown value
stack at sp + 1 slots: 0x0000029915163470 points into unknown readable memory: 0x0000000000000002 | 02 00 00 00 00 00 00 00
stack at sp + 2 slots: 0x000000f28f7ff340 is pointing into the stack for thread: 0x000002990b7d1be0
stack at sp + 3 slots: 0x000000f28f7ff370 is pointing into the stack for thread: 0x000002990b7d1be0
stack at sp + 4 slots: 0x00000007113eef68 is an oop: org.sqlite.core.NativeDB 
{0x00000007113eef68} - klass: 'org/sqlite/core/NativeDB'
 - ---- fields (total size 10 words):
 - private final 'url' 'Ljava/lang/String;' @12  "jdbc:sqlite:data/liba.db"{0x00000007104ce860} (0xe2099d0c)
 - 'begin' 'J' @16  0 (0x0000000000000000)
 - 'commit' 'J' @24  0 (0x0000000000000000)
 - private final 'fileName' 'Ljava/lang/String;' @32  "C:\Users\Admin\IdeaProjects\ProjectJava\Library_Management_504\data\liba.db"{0x00000007113eee40} (0xe227ddc8)
 - private final 'config' 'Lorg/sqlite/SQLiteConfig;' @36  a 'org/sqlite/SQLiteConfig'{0x00000007113eeae0} (0xe227dd5c)
 - private final 'closed' 'Ljava/util/concurrent/atomic/AtomicBoolean;' @40  a 'java/util/concurrent/atomic/AtomicBoolean'{0x00000007113eefb8} (0xe227ddf7)
 - private final 'stmts' 'Ljava/util/Map;' @44  a 'java/util/HashMap'{0x00000007113eefc8} (0xe227ddf9)
 - private final 'updateListeners' 'Ljava/util/Set;' @48  a 'java/util/HashSet'{0x00000007113eeff8} (0xe227ddff)
 - private final 'commitListeners' 'Ljava/util/Set;' @52  a 'java/util/HashSet'{0x00000007113ef038} (0xe227de07)
 - 'pointer' 'J' @56  0 (0x0000000000000000)
 - private final 'udfdatalist' 'J' @64  0 (0x0000000000000000)
 - private final 'colldatalist' 'J' @72  0 (0x0000000000000000)
stack at sp + 5 slots: 0x00007ffc5851bc8e jvm.dll
stack at sp + 6 slots: 0xfffffffffffffff7 is an unknown value
stack at sp + 7 slots: {method} {0x0000029906ecad68} 'reset' '(J)I' in 'org/sqlite/core/NativeDB'

native method entry point (kind = native_synchronized)  [0x00000298b477d6e0, 0x00000298b477e308]  3112 bytes
[MachCode]
  0x00000298b477d6e0: 488b 4b08 | 0fb7 492e | 584c 8d74 | ccf8 6800 | 0000 0068 | 0000 0000 | 5055 488b | ec41 5568 
  0x00000298b477d700: 0000 0000 | 4c8b 6b08 | 4d8d 6d38 | 5348 8b53 | 0848 8b52 | 0848 8b52 | 1848 8b52 | 7048 8b12 
  0x00000298b477d720: 5248 8b53 | 1048 85d2 | 0f84 0700 | 0000 4881 | c210 0100 | 0052 488b | 5308 488b | 5208 488b 
  0x00000298b477d740: 5210 5249 | 8bc6 482b | c548 c1e8 | 0350 6800 | 0000 0068 | f7ff ffff | 41c6 8781 | 0400 0001 
  0x00000298b477d760: 488b 4310 | 4885 c074 | 208b 88cc | 0000 0083 | c102 8988 | cc00 0000 | 2388 e000 | 0000 0f84 
  0x00000298b477d780: d50a 0000 | e9cf 0000 | 0048 8b43 | 1848 85c0 | 0f85 b000 | 0000 e805 | 0000 00e9 | 9900 0000 
  0x00000298b477d7a0: 488b d348 | 8d44 2408 | 4c89 6dc0 | 498b cfc5 | f877 4989 | afb0 0300 | 0049 8987 | a003 0000 
  0x00000298b477d7c0: 4883 ec20 | 40f6 c40f | 0f84 1900 | 0000 4883 | ec08 48b8 | 00a7 5158 | fc7f 0000 | ffd0 4883 
  0x00000298b477d7e0: c408 e90c | 0000 0048 | b800 a751 | 58fc 7f00 | 00ff d048 | 83c4 2049 | c787 a003 | 0000 0000 
  0x00000298b477d800: 0000 49c7 | 87b0 0300 | 0000 0000 | 0049 c787 | a803 0000 | 0000 0000 | c5f8 7749 | 837f 0800 
  0x00000298b477d820: 0f84 0500 | 0000 e9d5 | 36ff ff4c | 8b6d c04c | 8b75 c84e | 8d74 f500 | c348 8b43 | 1848 85c0 
  0x00000298b477d840: 0f84 1200 | 0000 8b48 | 0883 c102 | 8948 0823 | 481c 0f84 | 010a 0000 | 493b a7f0 | 0400 000f 
  0x00000298b477d860: 8748 0000 | 0089 8424 | 00f0 ffff | 8984 2400 | e0ff ff89 | 8424 00d0 | ffff 8984 | 2400 c0ff 
  0x00000298b477d880: ff89 8424 | 00b0 ffff | 8984 2400 | a0ff ff89 | 8424 0090 | ffff 8984 | 2400 80ff | ff49 3ba7 
  0x00000298b477d8a0: e804 0000 | 7607 4989 | a7f0 0400 | 0041 c687 | 8104 0000 | 008b 4328 | a808 498b | 060f 8413 
  0x00000298b477d8c0: 0000 0048 | 8b43 0848 | 8b40 0848 | 8b40 1848 | 8b40 7048 | 8b00 4883 | ec10 4883 | 6db8 0248 
  0x00000298b477d8e0: 8944 2408 | 488b d44c | 8b4a 08b8 | 0100 0000 | 490b 0148 | 8902 f049 | 0fb1 110f | 8412 0000 
  0x00000298b477d900: 0048 2bc4 | 4825 07f0 | ffff 4889 | 020f 850c | 0000 0049 | ff87 5805 | 0000 e9a0 | 0000 00e8 
  0x00000298b477d920: 0500 0000 | e996 0000 | 0048 8d44 | 2408 4c89 | 6dc0 498b | cfc5 f877 | 4989 afb0 | 0300 0049 
  0x00000298b477d940: 8987 a003 | 0000 4883 | ec20 40f6 | c40f 0f84 | 1900 0000 | 4883 ec08 | 48b8 20bc | 5158 fc7f 
  0x00000298b477d960: 0000 ffd0 | 4883 c408 | e90c 0000 | 0048 b820 | bc51 58fc | 7f00 00ff | d048 83c4 | 2049 c787 
  0x00000298b477d980: a003 0000 | 0000 0000 | 49c7 87b0 | 0300 0000 | 0000 0049 | c787 a803 | 0000 0000 | 0000 c5f8 
  0x00000298b477d9a0: 7749 837f | 0800 0f84 | 0500 0000 | e94f 35ff | ff4c 8b6d | c04c 8b75 | c84e 8d74 | f500 c349 
  0x00000298b477d9c0: ba6c 40d8 | 58fc 7f00 | 0041 803a | 000f 843e | 0000 0048 | 8b55 e849 | 8bcf 4883 | ec20 40f6 
  0x00000298b477d9e0: c40f 0f84 | 1900 0000 | 4883 ec08 | 48b8 80b9 | 8858 fc7f | 0000 ffd0 | 4883 c408 | e90c 0000 
  0x00000298b477da00: 0048 b880 | b988 58fc | 7f00 00ff | d048 83c4 | 2048 8b5d | e84c 8b5b | 0845 0fb7 | 5b2e 41c1 
  0x00000298b477da20: e303 492b | e348 83ec | 2048 83e4 | f04c 8b5b | 604d 85db | 0f85 ab00 | 0000 e805 | 0000 00e9 
  0x00000298b477da40: 9900 0000 | 488b d348 | 8d44 2408 | 4c89 6dc0 | 498b cfc5 | f877 4989 | afb0 0300 | 0049 8987 
  0x00000298b477da60: a003 0000 | 4883 ec20 | 40f6 c40f | 0f84 1900 | 0000 4883 | ec08 48b8 | 20ce 5158 | fc7f 0000 
  0x00000298b477da80: ffd0 4883 | c408 e90c | 0000 0048 | b820 ce51 | 58fc 7f00 | 00ff d048 | 83c4 2049 | c787 a003 
  0x00000298b477daa0: 0000 0000 | 0000 49c7 | 87b0 0300 | 0000 0000 | 0049 c787 | a803 0000 | 0000 0000 | c5f8 7749 
  0x00000298b477dac0: 837f 0800 | 0f84 0500 | 0000 e931 | 34ff ff4c | 8b6d c04c | 8b75 c84e | 8d74 f500 | c348 8b5d 
  0x00000298b477dae0: e84c 8b5b | 6041 ffd3 | 488b 5de8 | 4889 4518 | 448b 5b28 | 41f6 c308 | 0f84 1b00 | 0000 4c8b 
  0x00000298b477db00: 5b08 4d8b | 5b08 4d8b | 5b18 4d8b | 5b70 4d8b | 1b4c 895d | 1048 8d55 | 1048 8b43 | 5849 ba80 
  0x00000298b477db20: 1089 58fc | 7f00 0049 | 3bc2 0f85 | ab00 0000 | e805 0000 | 00e9 9900 | 0000 488b | d348 8d44 
  0x00000298b477db40: 2408 4c89 | 6dc0 498b | cfc5 f877 | 4989 afb0 | 0300 0049 | 8987 a003 | 0000 4883 | ec20 40f6 
  0x00000298b477db60: c40f 0f84 | 1900 0000 | 4883 ec08 | 48b8 20ce | 5158 fc7f | 0000 ffd0 | 4883 c408 | e90c 0000 
  0x00000298b477db80: 0048 b820 | ce51 58fc | 7f00 00ff | d048 83c4 | 2049 c787 | a003 0000 | 0000 0000 | 49c7 87b0 
  0x00000298b477dba0: 0300 0000 | 0000 0049 | c787 a803 | 0000 0000 | 0000 c5f8 | 7749 837f | 0800 0f84 | 0500 0000 
  0x00000298b477dbc0: e93b 33ff | ff4c 8b6d | c04c 8b75 | c84e 8d74 | f500 c348 | 8b5d e848 | 8b43 5849 | 8d8f c003 
  0x00000298b477dbe0: 0000 c5f8 | 7749 89af | b003 0000 | 49ba e2db | 77b4 9802 | 0000 4d89 | 97a8 0300 | 0049 89a7 
  0x00000298b477dc00: a003 0000 | 41c7 8754 | 0400 0004 | 0000 00ff | d0c5 f877 | 4883 ec10 | c5fb 1104 | 2448 83ec 
  0x00000298b477dc20: 1048 8904 | 2448 c744 | 2408 0000 | 0000 41c7 | 8754 0400 | 0005 0000 | 00f0 8344 | 24c0 0049 
  0x00000298b477dc40: 3baf 5804 | 0000 0f87 | 0e00 0000 | 4183 bf50 | 0400 0000 | 0f84 2000 | 0000 498b | cf4c 8be4 
  0x00000298b477dc60: 4883 ec20 | 4883 e4f0 | 48b8 4023 | 5358 fc7f | 0000 ffd0 | 498b e44d | 33e4 41c7 | 8754 0400 
  0x00000298b477dc80: 0008 0000 | 0049 c787 | a003 0000 | 0000 0000 | 49c7 87b0 | 0300 0000 | 0000 0049 | c787 a803 
  0x00000298b477dca0: 0000 0000 | 0000 c5f8 | 774d 8b9f | 3004 0000 | 41c7 8300 | 0100 0000 | 0000 0049 | bb1a a577 
  0x00000298b477dcc0: b498 0200 | 004c 3b5d | 180f 8524 | 0200 0048 | 8b04 2448 | 83c4 1048 | 85c0 0f84 | fe01 0000 
  0x00000298b477dce0: a803 0f85 | 0800 0000 | 488b 00e9 | ee01 0000 | a801 0f85 | 0900 0000 | 488b 40fe | e9dd 0100 
  0x00000298b477dd00: 0048 8b40 | ff41 807f | 3800 0f84 | ce01 0000 | 4883 f800 | 0f84 c401 | 0000 4d8b | 5f28 4983 
  0x00000298b477dd20: fb00 0f84 | 1400 0000 | 4983 eb08 | 4d89 5f28 | 4d03 5f30 | 4989 03e9 | a201 0000 | 4881 ecd0 
  0x00000298b477dd40: 0000 0048 | 8904 2448 | 894c 2408 | 4889 5424 | 1048 8974 | 2418 4889 | 7c24 204c | 8944 2428 
  0x00000298b477dd60: 4c89 4c24 | 304c 8954 | 2438 4c89 | 5c24 40c5 | fb11 4424 | 50c5 fb11 | 4c24 58c5 | fb11 5424 
  0x00000298b477dd80: 60c5 fb11 | 5c24 68c5 | fb11 6424 | 70c5 fb11 | 6c24 78c5 | fb11 b424 | 8000 0000 | c5fb 11bc 
  0x00000298b477dda0: 2488 0000 | 00c5 7b11 | 8424 9000 | 0000 c57b | 118c 2498 | 0000 00c5 | 7b11 9424 | a000 0000 
  0x00000298b477ddc0: c57b 119c | 24a8 0000 | 00c5 7b11 | a424 b000 | 0000 c57b | 11ac 24b8 | 0000 00c5 | 7b11 b424 
  0x00000298b477dde0: c000 0000 | c57b 11bc | 24c8 0000 | 0049 8bd7 | 488b c848 | 83ec 2040 | f6c4 0f0f | 8419 0000 
  0x00000298b477de00: 0048 83ec | 0848 b830 | 3f46 58fc | 7f00 00ff | d048 83c4 | 08e9 0c00 | 0000 48b8 | 303f 4658 
  0x00000298b477de20: fc7f 0000 | ffd0 4883 | c420 c57b | 10bc 24c8 | 0000 00c5 | 7b10 b424 | c000 0000 | c57b 10ac 
  0x00000298b477de40: 24b8 0000 | 00c5 7b10 | a424 b000 | 0000 c57b | 109c 24a8 | 0000 00c5 | 7b10 9424 | a000 0000 
  0x00000298b477de60: c57b 108c | 2498 0000 | 00c5 7b10 | 8424 9000 | 0000 c5fb | 10bc 2488 | 0000 00c5 | fb10 b424 
  0x00000298b477de80: 8000 0000 | c5fb 106c | 2478 c5fb | 1064 2470 | c5fb 105c | 2468 c5fb | 1054 2460 | c5fb 104c 
  0x00000298b477dea0: 2458 c5fb | 1044 2450 | 4c8b 5c24 | 404c 8b54 | 2438 4c8b | 4c24 304c | 8b44 2428 | 488b 7c24 
  0x00000298b477dec0: 2048 8b74 | 2418 488b | 5424 1048 | 8b4c 2408 | 488b 0424 | 4881 c4d0 | 0000 00c5 | f877 4889 
  0x00000298b477dee0: 4510 4883 | ec10 4889 | 0424 48c7 | 4424 0800 | 0000 0041 | 83bf d004 | 0000 020f | 85bf 0000 
  0x00000298b477df00: 0048 81ec | 8000 0000 | 4889 4424 | 7848 894c | 2470 4889 | 5424 6848 | 895c 2460 | 4889 6c24 
  0x00000298b477df20: 5048 8974 | 2448 4889 | 7c24 404c | 8944 2438 | 4c89 4c24 | 304c 8954 | 2428 4c89 | 5c24 204c 
  0x00000298b477df40: 8964 2418 | 4c89 6c24 | 104c 8974 | 2408 4c89 | 3c24 4c8b | e448 83ec | 2048 83e4 | f048 b8d0 
  0x00000298b477df60: f188 58fc | 7f00 00ff | d049 8be4 | 4c8b 3c24 | 4c8b 7424 | 084c 8b6c | 2410 4c8b | 6424 184c 
  0x00000298b477df80: 8b5c 2420 | 4c8b 5424 | 284c 8b4c | 2430 4c8b | 4424 3848 | 8b7c 2440 | 488b 7424 | 4848 8b6c 
  0x00000298b477dfa0: 2450 488b | 5c24 6048 | 8b54 2468 | 488b 4c24 | 7048 8b44 | 2478 4881 | c480 0000 | 004d 33e4 
  0x00000298b477dfc0: 488b 5de8 | 4c8b 6b08 | 4d8d 6d38 | 4983 7f08 | 000f 84bb | 0000 00e8 | 0500 0000 | e996 0000 
  0x00000298b477dfe0: 0048 8d44 | 2408 4c89 | 6dc0 498b | cfc5 f877 | 4989 afb0 | 0300 0049 | 8987 a003 | 0000 4883 
  0x00000298b477e000: ec20 40f6 | c40f 0f84 | 1900 0000 | 4883 ec08 | 48b8 60ec | 5158 fc7f | 0000 ffd0 | 4883 c408 
  0x00000298b477e020: e90c 0000 | 0048 b860 | ec51 58fc | 7f00 00ff | d048 83c4 | 2049 c787 | a003 0000 | 0000 0000 
  0x00000298b477e040: 49c7 87b0 | 0300 0000 | 0000 0049 | c787 a803 | 0000 0000 | 0000 c5f8 | 7749 837f | 0800 0f84 
  0x00000298b477e060: 0500 0000 | e997 2eff | ff4c 8b6d | c04c 8b75 | c84e 8d74 | f500 c348 | b9c0 28b0 | 58fc 7f00 
  0x00000298b477e080: 0048 83e4 | f048 b830 | 9977 58fc | 7f00 00ff | d0f4 448b | 5b28 41f6 | c320 0f84 | 4401 0000 
  0x00000298b477e0a0: 488d 55a8 | 4c8b 5a08 | 4d85 db0f | 85bb 0000 | 00e8 0500 | 0000 e996 | 0000 0048 | 8d44 2408 
  0x00000298b477e0c0: 4c89 6dc0 | 498b cfc5 | f877 4989 | afb0 0300 | 0049 8987 | a003 0000 | 4883 ec20 | 40f6 c40f 
  0x00000298b477e0e0: 0f84 1900 | 0000 4883 | ec08 48b8 | 90eb 5158 | fc7f 0000 | ffd0 4883 | c408 e90c | 0000 0048 
  0x00000298b477e100: b890 eb51 | 58fc 7f00 | 00ff d048 | 83c4 2049 | c787 a003 | 0000 0000 | 0000 49c7 | 87b0 0300 
  0x00000298b477e120: 0000 0000 | 0049 c787 | a803 0000 | 0000 0000 | c5f8 7749 | 837f 0800 | 0f84 0500 | 0000 e9bd 
  0x00000298b477e140: 2dff ff4c | 8b6d c04c | 8b75 c84e | 8d74 f500 | c348 b9c0 | 28b0 58fc | 7f00 0048 | 83e4 f048 
  0x00000298b477e160: b830 9977 | 58fc 7f00 | 00ff d0f4 | 4c89 6dc0 | 488d 024c | 8b4a 0848 | c742 0800 | 0000 004c 
  0x00000298b477e180: 8b00 4d85 | c00f 840b | 0000 00f0 | 4d0f b101 | 0f85 0c00 | 0000 49ff | 8f58 0500 | 00e9 3e00 
  0x00000298b477e1a0: 0000 4c89 | 4a08 488b | ca48 83ec | 2040 f6c4 | 0f0f 8419 | 0000 0048 | 83ec 0848 | b820 be51 
  0x00000298b477e1c0: 58fc 7f00 | 00ff d048 | 83c4 08e9 | 0c00 0000 | 48b8 20be | 5158 fc7f | 0000 ffd0 | 4883 c420 
  0x00000298b477e1e0: 4c8b 6dc0 | 49ba 6c40 | d858 fc7f | 0000 4180 | 3a00 0f84 | 3e00 0000 | 488b 55e8 | 498b cf48 
  0x00000298b477e200: 83ec 2040 | f6c4 0f0f | 8419 0000 | 0048 83ec | 0848 b880 | b988 58fc | 7f00 00ff | d048 83c4 
  0x00000298b477e220: 08e9 0c00 | 0000 48b8 | 80b9 8858 | fc7f 0000 | ffd0 4883 | c420 488b | 0424 4883 | c410 c5fb 
  0x00000298b477e240: 1004 2448 | 83c4 104c | 8b5d 1841 | ffd3 4c8b | 5df8 c95f | 498b e3ff | e7ba 0000 | 0000 e805 
  0x00000298b477e260: 0000 00e9 | 9600 0000 | 488d 4424 | 084c 896d | c049 8bcf | c5f8 7749 | 89af b003 | 0000 4989 
  0x00000298b477e280: 87a0 0300 | 0048 83ec | 2040 f6c4 | 0f0f 8419 | 0000 0048 | 83ec 0848 | b8e0 b151 | 58fc 7f00 
  0x00000298b477e2a0: 00ff d048 | 83c4 08e9 | 0c00 0000 | 48b8 e0b1 | 5158 fc7f | 0000 ffd0 | 4883 c420 | 49c7 87a0 
  0x00000298b477e2c0: 0300 0000 | 0000 0049 | c787 b003 | 0000 0000 | 0000 49c7 | 87a8 0300 | 0000 0000 | 00c5 f877 
  0x00000298b477e2e0: 4983 7f08 | 000f 8405 | 0000 00e9 | 102c ffff | 4c8b 6dc0 | 4c8b 75c8 | 4e8d 74f5 | 00c3 488b 
  0x00000298b477e300: 5de8 e951 | f5ff ff90 
[/MachCode]

---------------  P R O C E S S  ---------------

Threads class SMR info:
_java_thread_list=0x0000029914a3cc10, length=22, elements={
0x00000298a4fcf5c0, 0x00000298c4f480b0, 0x00000298c4f49ed0, 0x00000298c4f514a0,
0x00000298c4f54040, 0x00000298c4f55d90, 0x00000298c4f5cb50, 0x00000298c4f5fa20,
0x00000298c4f60730, 0x000002990a2a07a0, 0x000002990b06b740, 0x000002990a702720,
0x000002990a3af8c0, 0x000002990b552ee0, 0x000002990a391130, 0x000002990b6f17b0,
0x000002990b7a61a0, 0x000002990b7d0ec0, 0x000002990b7d2270, 0x000002990b7d3cb0,
0x000002990b7d1be0, 0x0000029915c19230
}

Java Threads: ( => current thread )
  0x00000298a4fcf5c0 JavaThread "main"                              [_thread_blocked, id=28852, stack(0x000000f28e500000,0x000000f28e600000) (1024K)]
  0x00000298c4f480b0 JavaThread "Reference Handler"          daemon [_thread_blocked, id=23456, stack(0x000000f28ed00000,0x000000f28ee00000) (1024K)]
  0x00000298c4f49ed0 JavaThread "Finalizer"                  daemon [_thread_blocked, id=11680, stack(0x000000f28ee00000,0x000000f28ef00000) (1024K)]
  0x00000298c4f514a0 JavaThread "Signal Dispatcher"          daemon [_thread_blocked, id=16968, stack(0x000000f28ef00000,0x000000f28f000000) (1024K)]
  0x00000298c4f54040 JavaThread "Attach Listener"            daemon [_thread_blocked, id=1964, stack(0x000000f28f000000,0x000000f28f100000) (1024K)]
  0x00000298c4f55d90 JavaThread "Service Thread"             daemon [_thread_blocked, id=11120, stack(0x000000f28f100000,0x000000f28f200000) (1024K)]
  0x00000298c4f5cb50 JavaThread "Monitor Deflation Thread"   daemon [_thread_blocked, id=3112, stack(0x000000f28f200000,0x000000f28f300000) (1024K)]
  0x00000298c4f5fa20 JavaThread "C2 CompilerThread0"         daemon [_thread_blocked, id=11624, stack(0x000000f28f300000,0x000000f28f400000) (1024K)]
  0x00000298c4f60730 JavaThread "C1 CompilerThread0"         daemon [_thread_blocked, id=34676, stack(0x000000f28f400000,0x000000f28f500000) (1024K)]
  0x000002990a2a07a0 JavaThread "Common-Cleaner"             daemon [_thread_blocked, id=34152, stack(0x000000f28f800000,0x000000f28f900000) (1024K)]
  0x000002990b06b740 JavaThread "Monitor Ctrl-Break"         daemon [_thread_in_native, id=26616, stack(0x000000f28fe00000,0x000000f28ff00000) (1024K)]
  0x000002990a702720 JavaThread "Notification Thread"        daemon [_thread_blocked, id=27040, stack(0x000000f28ff00000,0x000000f290000000) (1024K)]
  0x000002990a3af8c0 JavaThread "QuantumRenderer-0"          daemon [_thread_blocked, id=16088, stack(0x000000f28fc00000,0x000000f28fd00000) (1024K)]
  0x000002990b552ee0 JavaThread "InvokeLaterDispatcher"      daemon [_thread_blocked, id=12220, stack(0x000000f28fb00000,0x000000f28fc00000) (1024K)]
  0x000002990a391130 JavaThread "JavaFX Application Thread"         [_thread_in_native, id=16372, stack(0x000000f28f900000,0x000000f28fa00000) (1024K)]
  0x000002990b6f17b0 JavaThread "JavaFX-Launcher"                   [_thread_blocked, id=7036, stack(0x000000f290400000,0x000000f290500000) (1024K)]
  0x000002990b7a61a0 JavaThread "Thread-2"                   daemon [_thread_in_native, id=28844, stack(0x000000f290300000,0x000000f290400000) (1024K)]
  0x000002990b7d0ec0 JavaThread "pool-2-thread-1"                   [_thread_blocked, id=13204, stack(0x000000f290a00000,0x000000f290b00000) (1024K)]
  0x000002990b7d2270 JavaThread "Prism Font Disposer"        daemon [_thread_blocked, id=5368, stack(0x000000f291300000,0x000000f291400000) (1024K)]
  0x000002990b7d3cb0 JavaThread "Cleaner-0"                  daemon [_thread_blocked, id=13108, stack(0x000000f290f00000,0x000000f291000000) (1024K)]
=>0x000002990b7d1be0 JavaThread "pool-3-thread-1"                   [_thread_in_native, id=4284, stack(0x000000f28f700000,0x000000f28f800000) (1024K)]
  0x0000029915c19230 JavaThread "C2 CompilerThread1"         daemon [_thread_blocked, id=2476, stack(0x000000f290b00000,0x000000f290c00000) (1024K)]
Total: 22

Other Threads:
  0x00000298c4f2be50 VMThread "VM Thread"                           [id=27392, stack(0x000000f28ec00000,0x000000f28ed00000) (1024K)]
  0x00000298c4f108c0 WatcherThread "VM Periodic Task Thread"        [id=22544, stack(0x000000f28eb00000,0x000000f28ec00000) (1024K)]
  0x00000298a5038450 WorkerThread "GC Thread#0"                     [id=4712, stack(0x000000f28e600000,0x000000f28e700000) (1024K)]
  0x000002990b70a9c0 WorkerThread "GC Thread#1"                     [id=30068, stack(0x000000f290500000,0x000000f290600000) (1024K)]
  0x000002990b70ad70 WorkerThread "GC Thread#2"                     [id=18660, stack(0x000000f290600000,0x000000f290700000) (1024K)]
  0x000002990b70b120 WorkerThread "GC Thread#3"                     [id=34436, stack(0x000000f290700000,0x000000f290800000) (1024K)]
  0x000002990b7256e0 WorkerThread "GC Thread#4"                     [id=14800, stack(0x000000f290800000,0x000000f290900000) (1024K)]
  0x000002990b735ad0 WorkerThread "GC Thread#5"                     [id=18636, stack(0x000000f290900000,0x000000f290a00000) (1024K)]
  0x000002990b9968e0 WorkerThread "GC Thread#6"                     [id=24824, stack(0x000000f291400000,0x000000f291500000) (1024K)]
  0x00000299148e9c80 WorkerThread "GC Thread#7"                     [id=29040, stack(0x000000f291500000,0x000000f291600000) (1024K)]
  0x00000299154d4e50 WorkerThread "GC Thread#8"                     [id=19304, stack(0x000000f291600000,0x000000f291700000) (1024K)]
  0x00000299154d5610 WorkerThread "GC Thread#9"                     [id=28304, stack(0x000000f291700000,0x000000f291800000) (1024K)]
  0x00000299154d59c0 WorkerThread "GC Thread#10"                    [id=9636, stack(0x000000f291800000,0x000000f291900000) (1024K)]
  0x00000299154d5d70 WorkerThread "GC Thread#11"                    [id=16808, stack(0x000000f291900000,0x000000f291a00000) (1024K)]
  0x00000299154d6120 WorkerThread "GC Thread#12"                    [id=27580, stack(0x000000f291a00000,0x000000f291b00000) (1024K)]
  0x00000299154d68e0 WorkerThread "GC Thread#13"                    [id=16184, stack(0x000000f291b00000,0x000000f291c00000) (1024K)]
  0x0000029914877c30 WorkerThread "GC Thread#14"                    [id=25620, stack(0x000000f291d00000,0x000000f291e00000) (1024K)]
  0x00000298a5049000 ConcurrentGCThread "G1 Main Marker"            [id=28316, stack(0x000000f28e700000,0x000000f28e800000) (1024K)]
  0x00000298a5049cc0 WorkerThread "G1 Conc#0"                       [id=32752, stack(0x000000f28e800000,0x000000f28e900000) (1024K)]
  0x0000029914877880 WorkerThread "G1 Conc#1"                       [id=24196, stack(0x000000f291e00000,0x000000f291f00000) (1024K)]
  0x00000299148769c0 WorkerThread "G1 Conc#2"                       [id=18752, stack(0x000000f291f00000,0x000000f292000000) (1024K)]
  0x0000029914876d70 WorkerThread "G1 Conc#3"                       [id=23724, stack(0x000000f292000000,0x000000f292100000) (1024K)]
  0x00000298c4de33f0 ConcurrentGCThread "G1 Refine#0"               [id=15824, stack(0x000000f28e900000,0x000000f28ea00000) (1024K)]
  0x00000298c4de5f80 ConcurrentGCThread "G1 Service"                [id=19276, stack(0x000000f28ea00000,0x000000f28eb00000) (1024K)]
Total: 24

Threads with active compile tasks:
Total: 0

VM state: not at safepoint (normal execution)

VM Mutex/Monitor currently owned by a thread: None

Heap address: 0x0000000704400000, size: 4028 MB, Compressed Oops mode: Zero based, Oop shift amount: 3

CDS archive(s) mapped at: [0x00000298c5000000-0x00000298c5c60000-0x00000298c5c60000), size 12976128, SharedBaseAddress: 0x00000298c5000000, ArchiveRelocationMode: 1.
Compressed class space mapped at: 0x00000298c6000000-0x0000029906000000, reserved size: 1073741824
Narrow klass base: 0x00000298c5000000, Narrow klass shift: 0, Narrow klass range: 0x41000000

GC Precious Log:
 CardTable entry size: 512
 Card Set container configuration: InlinePtr #cards 4 size 8 Array Of Cards #cards 16 size 48 Howl #buckets 8 coarsen threshold 3686 Howl Bitmap #cards 512 size 80 coarsen threshold 460 Card regions per heap region 1 cards per card region 4096
 CPUs: 20 total, 20 available
 Memory: 16108M
 Large Page Support: Disabled
 NUMA Support: Disabled
 Compressed Oops: Enabled (Zero based)
 Heap Region Size: 2M
 Heap Min Capacity: 8M
 Heap Initial Capacity: 252M
 Heap Max Capacity: 4028M
 Pre-touch: Disabled
 Parallel Workers: 15
 Concurrent Workers: 4
 Concurrent Refinement Workers: 15
 Periodic GC: Disabled

Heap:
 garbage-first heap   total reserved 4124672K, committed 219136K, used 95939K [0x0000000704400000, 0x0000000800000000)
  region size 2048K, 23 young (47104K), 7 survivors (14336K)
 Metaspace       used 22609K, committed 23040K, reserved 1114112K
  class space    used 3307K, committed 3520K, reserved 1048576K

Heap Regions: E=young(eden), S=young(survivor), O=old, HS=humongous(starts), HC=humongous(continues), CS=collection set, F=free, TAMS=top-at-mark-start, PB=parsable bottom
|   0|0x0000000704400000, 0x000000070440d668, 0x0000000704600000|  2%| O|Cm|TAMS 0x0000000704400000| PB 0x0000000704400000| Complete |  0
|   1|0x0000000704600000, 0x0000000704800000, 0x0000000704800000|100%|HS|  |TAMS 0x0000000704600000| PB 0x0000000704600000| Complete |  0
|   2|0x0000000704800000, 0x0000000704a00000, 0x0000000704a00000|100%|HS|  |TAMS 0x0000000704800000| PB 0x0000000704800000| Complete |  0
|   3|0x0000000704a00000, 0x0000000704c00000, 0x0000000704c00000|100%|HS|  |TAMS 0x0000000704a00000| PB 0x0000000704a00000| Complete |  0
|   4|0x0000000704c00000, 0x0000000704e00000, 0x0000000704e00000|100%|HC|  |TAMS 0x0000000704c00000| PB 0x0000000704c00000| Complete |  0
|   5|0x0000000704e00000, 0x0000000705000000, 0x0000000705000000|100%|HC|  |TAMS 0x0000000704e00000| PB 0x0000000704e00000| Complete |  0
|   6|0x0000000705000000, 0x0000000705200000, 0x0000000705200000|100%|HC|  |TAMS 0x0000000705000000| PB 0x0000000705000000| Complete |  0
|   7|0x0000000705200000, 0x0000000705400000, 0x0000000705400000|100%|HS|  |TAMS 0x0000000705200000| PB 0x0000000705200000| Complete |  0
|   8|0x0000000705400000, 0x0000000705600000, 0x0000000705600000|100%|HS|  |TAMS 0x0000000705400000| PB 0x0000000705400000| Complete |  0
|   9|0x0000000705600000, 0x0000000705600000, 0x0000000705800000|  0%| F|  |TAMS 0x0000000705600000| PB 0x0000000705600000| Untracked |  0
|  10|0x0000000705800000, 0x0000000705800000, 0x0000000705a00000|  0%| F|  |TAMS 0x0000000705800000| PB 0x0000000705800000| Untracked |  0
|  11|0x0000000705a00000, 0x0000000705a00000, 0x0000000705c00000|  0%| F|  |TAMS 0x0000000705a00000| PB 0x0000000705a00000| Untracked |  0
|  12|0x0000000705c00000, 0x0000000705e00000, 0x0000000705e00000|100%|HS|  |TAMS 0x0000000705c00000| PB 0x0000000705c00000| Complete |  0
|  13|0x0000000705e00000, 0x0000000706000000, 0x0000000706000000|100%|HC|  |TAMS 0x0000000705e00000| PB 0x0000000705e00000| Complete |  0
|  14|0x0000000706000000, 0x0000000706200000, 0x0000000706200000|100%|HC|  |TAMS 0x0000000706000000| PB 0x0000000706000000| Complete |  0
|  15|0x0000000706200000, 0x0000000706400000, 0x0000000706400000|100%|HC|  |TAMS 0x0000000706200000| PB 0x0000000706200000| Complete |  0
|  16|0x0000000706400000, 0x0000000706600000, 0x0000000706600000|100%|HC|  |TAMS 0x0000000706400000| PB 0x0000000706400000| Complete |  0
|  17|0x0000000706600000, 0x0000000706800000, 0x0000000706800000|100%|HC|  |TAMS 0x0000000706600000| PB 0x0000000706600000| Complete |  0
|  18|0x0000000706800000, 0x0000000706a00000, 0x0000000706a00000|100%|HC|  |TAMS 0x0000000706800000| PB 0x0000000706800000| Complete |  0
|  19|0x0000000706a00000, 0x0000000706c00000, 0x0000000706c00000|100%|HC|  |TAMS 0x0000000706a00000| PB 0x0000000706a00000| Complete |  0
|  20|0x0000000706c00000, 0x0000000706c00000, 0x0000000706e00000|  0%| F|  |TAMS 0x0000000706c00000| PB 0x0000000706c00000| Untracked |  0
|  21|0x0000000706e00000, 0x0000000706e00000, 0x0000000707000000|  0%| F|  |TAMS 0x0000000706e00000| PB 0x0000000706e00000| Untracked |  0
|  22|0x0000000707000000, 0x0000000707000000, 0x0000000707200000|  0%| F|  |TAMS 0x0000000707000000| PB 0x0000000707000000| Untracked |  0
|  23|0x0000000707200000, 0x0000000707200000, 0x0000000707400000|  0%| F|  |TAMS 0x0000000707200000| PB 0x0000000707200000| Untracked |  0
|  24|0x0000000707400000, 0x0000000707600000, 0x0000000707600000|100%|HS|  |TAMS 0x0000000707400000| PB 0x0000000707400000| Complete |  0
|  25|0x0000000707600000, 0x0000000707800000, 0x0000000707800000|100%|HC|  |TAMS 0x0000000707600000| PB 0x0000000707600000| Complete |  0
|  26|0x0000000707800000, 0x0000000707a00000, 0x0000000707a00000|100%|HC|  |TAMS 0x0000000707800000| PB 0x0000000707800000| Complete |  0
|  27|0x0000000707a00000, 0x0000000707c00000, 0x0000000707c00000|100%|HC|  |TAMS 0x0000000707a00000| PB 0x0000000707a00000| Complete |  0
|  28|0x0000000707c00000, 0x0000000707e00000, 0x0000000707e00000|100%|HC|  |TAMS 0x0000000707c00000| PB 0x0000000707c00000| Complete |  0
|  29|0x0000000707e00000, 0x0000000708000000, 0x0000000708000000|100%|HC|  |TAMS 0x0000000707e00000| PB 0x0000000707e00000| Complete |  0
|  30|0x0000000708000000, 0x0000000708200000, 0x0000000708200000|100%|HC|  |TAMS 0x0000000708000000| PB 0x0000000708000000| Complete |  0
|  31|0x0000000708200000, 0x0000000708400000, 0x0000000708400000|100%|HC|  |TAMS 0x0000000708200000| PB 0x0000000708200000| Complete |  0
|  32|0x0000000708400000, 0x0000000708400000, 0x0000000708600000|  0%| F|  |TAMS 0x0000000708400000| PB 0x0000000708400000| Untracked |  0
|  33|0x0000000708600000, 0x0000000708600000, 0x0000000708800000|  0%| F|  |TAMS 0x0000000708600000| PB 0x0000000708600000| Untracked |  0
|  34|0x0000000708800000, 0x0000000708800000, 0x0000000708a00000|  0%| F|  |TAMS 0x0000000708800000| PB 0x0000000708800000| Untracked |  0
|  35|0x0000000708a00000, 0x0000000708a00000, 0x0000000708c00000|  0%| F|  |TAMS 0x0000000708a00000| PB 0x0000000708a00000| Untracked |  0
|  36|0x0000000708c00000, 0x0000000708c00000, 0x0000000708e00000|  0%| F|  |TAMS 0x0000000708c00000| PB 0x0000000708c00000| Untracked |  0
|  37|0x0000000708e00000, 0x0000000708e00000, 0x0000000709000000|  0%| F|  |TAMS 0x0000000708e00000| PB 0x0000000708e00000| Untracked |  0
|  38|0x0000000709000000, 0x0000000709000000, 0x0000000709200000|  0%| F|  |TAMS 0x0000000709000000| PB 0x0000000709000000| Untracked |  0
|  39|0x0000000709200000, 0x0000000709200000, 0x0000000709400000|  0%| F|  |TAMS 0x0000000709200000| PB 0x0000000709200000| Untracked |  0
|  40|0x0000000709400000, 0x0000000709400000, 0x0000000709600000|  0%| F|  |TAMS 0x0000000709400000| PB 0x0000000709400000| Untracked |  0
|  41|0x0000000709600000, 0x0000000709600000, 0x0000000709800000|  0%| F|  |TAMS 0x0000000709600000| PB 0x0000000709600000| Untracked |  0
|  42|0x0000000709800000, 0x0000000709800000, 0x0000000709a00000|  0%| F|  |TAMS 0x0000000709800000| PB 0x0000000709800000| Untracked |  0
|  43|0x0000000709a00000, 0x0000000709a00000, 0x0000000709c00000|  0%| F|  |TAMS 0x0000000709a00000| PB 0x0000000709a00000| Untracked |  0
|  44|0x0000000709c00000, 0x0000000709c00000, 0x0000000709e00000|  0%| F|  |TAMS 0x0000000709c00000| PB 0x0000000709c00000| Untracked |  0
|  45|0x0000000709e00000, 0x0000000709e00000, 0x000000070a000000|  0%| F|  |TAMS 0x0000000709e00000| PB 0x0000000709e00000| Untracked |  0
|  46|0x000000070a000000, 0x000000070a000000, 0x000000070a200000|  0%| F|  |TAMS 0x000000070a000000| PB 0x000000070a000000| Untracked |  0
|  47|0x000000070a200000, 0x000000070a200000, 0x000000070a400000|  0%| F|  |TAMS 0x000000070a200000| PB 0x000000070a200000| Untracked |  0
|  48|0x000000070a400000, 0x000000070a400000, 0x000000070a600000|  0%| F|  |TAMS 0x000000070a400000| PB 0x000000070a400000| Untracked |  0
|  49|0x000000070a600000, 0x000000070a600000, 0x000000070a800000|  0%| F|  |TAMS 0x000000070a600000| PB 0x000000070a600000| Untracked |  0
|  50|0x000000070a800000, 0x000000070a800000, 0x000000070aa00000|  0%| F|  |TAMS 0x000000070a800000| PB 0x000000070a800000| Untracked |  0
|  51|0x000000070aa00000, 0x000000070aa00000, 0x000000070ac00000|  0%| F|  |TAMS 0x000000070aa00000| PB 0x000000070aa00000| Untracked |  0
|  52|0x000000070ac00000, 0x000000070ac00000, 0x000000070ae00000|  0%| F|  |TAMS 0x000000070ac00000| PB 0x000000070ac00000| Untracked |  0
|  53|0x000000070ae00000, 0x000000070ae00000, 0x000000070b000000|  0%| F|  |TAMS 0x000000070ae00000| PB 0x000000070ae00000| Untracked |  0
|  54|0x000000070b000000, 0x000000070b000000, 0x000000070b200000|  0%| F|  |TAMS 0x000000070b000000| PB 0x000000070b000000| Untracked |  0
|  55|0x000000070b200000, 0x000000070b200000, 0x000000070b400000|  0%| F|  |TAMS 0x000000070b200000| PB 0x000000070b200000| Untracked |  0
|  56|0x000000070b400000, 0x000000070b400000, 0x000000070b600000|  0%| F|  |TAMS 0x000000070b400000| PB 0x000000070b400000| Untracked |  0
|  57|0x000000070b600000, 0x000000070b600000, 0x000000070b800000|  0%| F|  |TAMS 0x000000070b600000| PB 0x000000070b600000| Untracked |  0
|  58|0x000000070b800000, 0x000000070b800000, 0x000000070ba00000|  0%| F|  |TAMS 0x000000070b800000| PB 0x000000070b800000| Untracked |  0
|  59|0x000000070ba00000, 0x000000070ba00000, 0x000000070bc00000|  0%| F|  |TAMS 0x000000070ba00000| PB 0x000000070ba00000| Untracked |  0
|  60|0x000000070bc00000, 0x000000070bc00000, 0x000000070be00000|  0%| F|  |TAMS 0x000000070bc00000| PB 0x000000070bc00000| Untracked |  0
|  61|0x000000070be00000, 0x000000070be00000, 0x000000070c000000|  0%| F|  |TAMS 0x000000070be00000| PB 0x000000070be00000| Untracked |  0
|  62|0x000000070c000000, 0x000000070c000000, 0x000000070c200000|  0%| F|  |TAMS 0x000000070c000000| PB 0x000000070c000000| Untracked |  0
|  63|0x000000070c200000, 0x000000070c200000, 0x000000070c400000|  0%| F|  |TAMS 0x000000070c200000| PB 0x000000070c200000| Untracked |  0
|  64|0x000000070c400000, 0x000000070c400000, 0x000000070c600000|  0%| F|  |TAMS 0x000000070c400000| PB 0x000000070c400000| Untracked |  0
|  65|0x000000070c600000, 0x000000070c600000, 0x000000070c800000|  0%| F|  |TAMS 0x000000070c600000| PB 0x000000070c600000| Untracked |  0
|  66|0x000000070c800000, 0x000000070c800000, 0x000000070ca00000|  0%| F|  |TAMS 0x000000070c800000| PB 0x000000070c800000| Untracked |  0
|  67|0x000000070ca00000, 0x000000070ca00000, 0x000000070cc00000|  0%| F|  |TAMS 0x000000070ca00000| PB 0x000000070ca00000| Untracked |  0
|  68|0x000000070cc00000, 0x000000070cc00000, 0x000000070ce00000|  0%| F|  |TAMS 0x000000070cc00000| PB 0x000000070cc00000| Untracked |  0
|  69|0x000000070ce00000, 0x000000070ce00000, 0x000000070d000000|  0%| F|  |TAMS 0x000000070ce00000| PB 0x000000070ce00000| Untracked |  0
|  70|0x000000070d000000, 0x000000070d000000, 0x000000070d200000|  0%| F|  |TAMS 0x000000070d000000| PB 0x000000070d000000| Untracked |  0
|  71|0x000000070d200000, 0x000000070d200000, 0x000000070d400000|  0%| F|  |TAMS 0x000000070d200000| PB 0x000000070d200000| Untracked |  0
|  72|0x000000070d400000, 0x000000070d400000, 0x000000070d600000|  0%| F|  |TAMS 0x000000070d400000| PB 0x000000070d400000| Untracked |  0
|  73|0x000000070d600000, 0x000000070d600000, 0x000000070d800000|  0%| F|  |TAMS 0x000000070d600000| PB 0x000000070d600000| Untracked |  0
|  74|0x000000070d800000, 0x000000070d800000, 0x000000070da00000|  0%| F|  |TAMS 0x000000070d800000| PB 0x000000070d800000| Untracked |  0
|  75|0x000000070da00000, 0x000000070da00000, 0x000000070dc00000|  0%| F|  |TAMS 0x000000070da00000| PB 0x000000070da00000| Untracked |  0
|  76|0x000000070dc00000, 0x000000070dc00000, 0x000000070de00000|  0%| F|  |TAMS 0x000000070dc00000| PB 0x000000070dc00000| Untracked |  0
|  77|0x000000070de00000, 0x000000070de00000, 0x000000070e000000|  0%| F|  |TAMS 0x000000070de00000| PB 0x000000070de00000| Untracked |  0
|  78|0x000000070e000000, 0x000000070e000000, 0x000000070e200000|  0%| F|  |TAMS 0x000000070e000000| PB 0x000000070e000000| Untracked |  0
|  79|0x000000070e200000, 0x000000070e200000, 0x000000070e400000|  0%| F|  |TAMS 0x000000070e200000| PB 0x000000070e200000| Untracked |  0
|  80|0x000000070e400000, 0x000000070e400000, 0x000000070e600000|  0%| F|  |TAMS 0x000000070e400000| PB 0x000000070e400000| Untracked |  0
|  81|0x000000070e600000, 0x000000070e600000, 0x000000070e800000|  0%| F|  |TAMS 0x000000070e600000| PB 0x000000070e600000| Untracked |  0
|  82|0x000000070e800000, 0x000000070e800000, 0x000000070ea00000|  0%| F|  |TAMS 0x000000070e800000| PB 0x000000070e800000| Untracked |  0
|  83|0x000000070ea00000, 0x000000070ec00000, 0x000000070ec00000|100%| E|  |TAMS 0x000000070ea00000| PB 0x000000070ea00000| Complete |  0
|  84|0x000000070ec00000, 0x000000070ee00000, 0x000000070ee00000|100%| E|CS|TAMS 0x000000070ec00000| PB 0x000000070ec00000| Complete |  0
|  85|0x000000070ee00000, 0x000000070f000000, 0x000000070f000000|100%| E|CS|TAMS 0x000000070ee00000| PB 0x000000070ee00000| Complete |  0
|  86|0x000000070f000000, 0x000000070f200000, 0x000000070f200000|100%| E|CS|TAMS 0x000000070f000000| PB 0x000000070f000000| Complete |  0
|  87|0x000000070f200000, 0x000000070f400000, 0x000000070f400000|100%| E|CS|TAMS 0x000000070f200000| PB 0x000000070f200000| Complete |  0
|  88|0x000000070f400000, 0x000000070f600000, 0x000000070f600000|100%| E|CS|TAMS 0x000000070f400000| PB 0x000000070f400000| Complete |  0
|  89|0x000000070f600000, 0x000000070f800000, 0x000000070f800000|100%| E|CS|TAMS 0x000000070f600000| PB 0x000000070f600000| Complete |  0
|  90|0x000000070f800000, 0x000000070fa00000, 0x000000070fa00000|100%| E|CS|TAMS 0x000000070f800000| PB 0x000000070f800000| Complete |  0
|  91|0x000000070fa00000, 0x000000070fba3640, 0x000000070fc00000| 81%| S|CS|TAMS 0x000000070fa00000| PB 0x000000070fa00000| Complete |  0
|  92|0x000000070fc00000, 0x000000070fe00000, 0x000000070fe00000|100%| S|CS|TAMS 0x000000070fc00000| PB 0x000000070fc00000| Complete |  0
|  93|0x000000070fe00000, 0x0000000710000000, 0x0000000710000000|100%| S|CS|TAMS 0x000000070fe00000| PB 0x000000070fe00000| Complete |  0
|  94|0x0000000710000000, 0x0000000710200000, 0x0000000710200000|100%| S|CS|TAMS 0x0000000710000000| PB 0x0000000710000000| Complete |  0
|  95|0x0000000710200000, 0x0000000710400000, 0x0000000710400000|100%| S|CS|TAMS 0x0000000710200000| PB 0x0000000710200000| Complete |  0
|  96|0x0000000710400000, 0x0000000710600000, 0x0000000710600000|100%| S|CS|TAMS 0x0000000710400000| PB 0x0000000710400000| Complete |  0
|  97|0x0000000710600000, 0x0000000710800000, 0x0000000710800000|100%| E|CS|TAMS 0x0000000710600000| PB 0x0000000710600000| Complete |  0
|  98|0x0000000710800000, 0x0000000710a00000, 0x0000000710a00000|100%| E|CS|TAMS 0x0000000710800000| PB 0x0000000710800000| Complete |  0
|  99|0x0000000710a00000, 0x0000000710c00000, 0x0000000710c00000|100%| E|CS|TAMS 0x0000000710a00000| PB 0x0000000710a00000| Complete |  0
| 100|0x0000000710c00000, 0x0000000710e00000, 0x0000000710e00000|100%| O|Cr|TAMS 0x0000000710c00000| PB 0x0000000710c00000| Complete |  0
| 101|0x0000000710e00000, 0x0000000711000000, 0x0000000711000000|100%| S|CS|TAMS 0x0000000710e00000| PB 0x0000000710e00000| Complete |  0
| 102|0x0000000711000000, 0x0000000711200000, 0x0000000711200000|100%| E|CS|TAMS 0x0000000711000000| PB 0x0000000711000000| Complete |  0
| 103|0x0000000711200000, 0x0000000711400000, 0x0000000711400000|100%| E|CS|TAMS 0x0000000711200000| PB 0x0000000711200000| Complete |  0
| 123|0x0000000713a00000, 0x0000000713c00000, 0x0000000713c00000|100%| E|CS|TAMS 0x0000000713a00000| PB 0x0000000713a00000| Complete |  0
| 124|0x0000000713c00000, 0x0000000713e00000, 0x0000000713e00000|100%| E|CS|TAMS 0x0000000713c00000| PB 0x0000000713c00000| Complete |  0
| 125|0x0000000713e00000, 0x0000000714000000, 0x0000000714000000|100%| E|CS|TAMS 0x0000000713e00000| PB 0x0000000713e00000| Complete |  0

Card table byte_map: [0x00000298bd5a0000,0x00000298bdd80000] _byte_map_base: 0x00000298b9d7e000

Marking Bits: (CMBitMap*) 0x00000298a5038b60
 Bits: [0x00000298bdd80000, 0x00000298c1c70000)

Polling page: 0x00000298a4790000

Metaspace:

Usage:
  Non-class:     18.85 MB used.
      Class:      3.23 MB used.
       Both:     22.08 MB used.

Virtual space:
  Non-class space:       64.00 MB reserved,      19.06 MB ( 30%) committed,  1 nodes.
      Class space:        1.00 GB reserved,       3.44 MB ( <1%) committed,  1 nodes.
             Both:        1.06 GB reserved,      22.50 MB (  2%) committed. 

Chunk freelists:
   Non-Class:  12.28 MB
       Class:  12.59 MB
        Both:  24.88 MB

MaxMetaspaceSize: unlimited
CompressedClassSpaceSize: 1.00 GB
Initial GC threshold: 21.00 MB
Current GC threshold: 35.12 MB
CDS: on
 - commit_granule_bytes: 65536.
 - commit_granule_words: 8192.
 - virtual_space_node_default_size: 8388608.
 - enlarge_chunks_in_place: 1.
 - use_allocation_guard: 0.


Internal statistics:

num_allocs_failed_limit: 3.
num_arena_births: 432.
num_arena_deaths: 0.
num_vsnodes_births: 2.
num_vsnodes_deaths: 0.
num_space_committed: 360.
num_space_uncommitted: 0.
num_chunks_returned_to_freelist: 3.
num_chunks_taken_from_freelist: 1124.
num_chunk_merges: 3.
num_chunk_splits: 804.
num_chunks_enlarged: 626.
num_inconsistent_stats: 0.

CodeHeap 'non-profiled nmethods': size=119168Kb used=3305Kb max_used=3305Kb free=115862Kb
 bounds [0x00000298b4ec0000, 0x00000298b5200000, 0x00000298bc320000]
CodeHeap 'profiled nmethods': size=119104Kb used=12442Kb max_used=12442Kb free=106661Kb
 bounds [0x00000298ad320000, 0x00000298adf50000, 0x00000298b4770000]
CodeHeap 'non-nmethods': size=7488Kb used=1869Kb max_used=3607Kb free=5618Kb
 bounds [0x00000298b4770000, 0x00000298b4b00000, 0x00000298b4ec0000]
 total_blobs=6706 nmethods=5842 adapters=768
 compilation: enabled
              stopped_count=0, restarted_count=0
 full_count=0

Compilation events (20 events):
Event: 23.448 Thread 0x00000298c4f60730 5764       3       com.sun.javafx.scene.ParentHelper::processCSSImpl (10 bytes)
Event: 23.448 Thread 0x00000298c4f60730 nmethod 5764 0x00000298adf21490 code [0x00000298adf21640, 0x00000298adf21908]
Event: 23.448 Thread 0x00000298c4f60730 5765       3       javafx.scene.Parent$1::doProcessCSS (8 bytes)
Event: 23.448 Thread 0x00000298c4f60730 nmethod 5765 0x00000298adf21a90 code [0x00000298adf21c40, 0x00000298adf21e60]
Event: 23.448 Thread 0x00000298c4f60730 5766       3       javafx.scene.control.Labeled::getTextOverrun (24 bytes)
Event: 23.449 Thread 0x00000298c4f60730 nmethod 5766 0x00000298adf21f90 code [0x00000298adf22160, 0x00000298adf226a0]
Event: 23.449 Thread 0x00000298c4f60730 5767       3       javafx.scene.control.Labeled::getEllipsisString (23 bytes)
Event: 23.449 Thread 0x00000298c4f60730 nmethod 5767 0x00000298adf22810 code [0x00000298adf229c0, 0x00000298adf22cc8]
Event: 23.449 Thread 0x00000298c4f60730 5768       1       com.sun.glass.ui.Window::getOutputScaleX (5 bytes)
Event: 23.449 Thread 0x00000298c4f60730 nmethod 5768 0x00000298b51e6310 code [0x00000298b51e64a0, 0x00000298b51e6568]
Event: 23.449 Thread 0x00000298c4f60730 5769       1       com.sun.glass.ui.Window::getOutputScaleY (5 bytes)
Event: 23.449 Thread 0x00000298c4f60730 nmethod 5769 0x00000298b51e6610 code [0x00000298b51e67a0, 0x00000298b51e6868]
Event: 23.449 Thread 0x00000298c4f60730 5770       1       com.sun.javafx.tk.quantum.GlassScene::getCamera (5 bytes)
Event: 23.449 Thread 0x00000298c4f60730 nmethod 5770 0x00000298b51e6910 code [0x00000298b51e6aa0, 0x00000298b51e6b70]
Event: 23.450 Thread 0x00000298c4f5fa20 5771       4       com.sun.javafx.geom.transform.AffineBase::calculateType (598 bytes)
Event: 23.450 Thread 0x00000298c4f5fa20 nmethod 5771 0x00000298b51e6c10 code [0x00000298b51e6dc0, 0x00000298b51e6f58]
Event: 23.535 Thread 0x00000298c4f60730 5772       3       java.util.concurrent.ConcurrentHashMap::containsKey (14 bytes)
Event: 23.535 Thread 0x00000298c4f60730 nmethod 5772 0x00000298adf22d90 code [0x00000298adf22f40, 0x00000298adf230d0]
Event: 23.558 Thread 0x00000298c4f60730 5773       3       java.util.Properties::getProperty (16 bytes)
Event: 23.558 Thread 0x00000298c4f60730 nmethod 5773 0x00000298adf23190 code [0x00000298adf23340, 0x00000298adf23560]

GC Heap History (6 events):
Event: 0.597 GC heap before
{Heap before GC invocations=0 (full 0):
 garbage-first heap   total reserved 4124672K, committed 258048K, used 24576K [0x0000000704400000, 0x0000000800000000)
  region size 2048K, 12 young (24576K), 0 survivors (0K)
 Metaspace       used 4772K, committed 4992K, reserved 1114112K
  class space    used 520K, committed 640K, reserved 1048576K
}
Event: 0.600 GC heap after
{Heap after GC invocations=1 (full 0):
 garbage-first heap   total reserved 4124672K, committed 258048K, used 2928K [0x0000000704400000, 0x0000000800000000)
  region size 2048K, 2 young (4096K), 2 survivors (4096K)
 Metaspace       used 4772K, committed 4992K, reserved 1114112K
  class space    used 520K, committed 640K, reserved 1048576K
}
Event: 3.315 GC heap before
{Heap before GC invocations=1 (full 0):
 garbage-first heap   total reserved 4124672K, committed 258048K, used 47984K [0x0000000704400000, 0x0000000800000000)
  region size 2048K, 25 young (51200K), 2 survivors (4096K)
 Metaspace       used 13748K, committed 14016K, reserved 1114112K
  class space    used 1949K, committed 2048K, reserved 1048576K
}
Event: 3.320 GC heap after
{Heap after GC invocations=2 (full 0):
 garbage-first heap   total reserved 4124672K, committed 258048K, used 8245K [0x0000000704400000, 0x0000000800000000)
  region size 2048K, 4 young (8192K), 4 survivors (8192K)
 Metaspace       used 13748K, committed 14016K, reserved 1114112K
  class space    used 1949K, committed 2048K, reserved 1048576K
}
Event: 8.241 GC heap before
{Heap before GC invocations=2 (full 0):
 garbage-first heap   total reserved 4124672K, committed 258048K, used 116789K [0x0000000704400000, 0x0000000800000000)
  region size 2048K, 28 young (57344K), 4 survivors (8192K)
 Metaspace       used 21158K, committed 21504K, reserved 1114112K
  class space    used 3114K, committed 3264K, reserved 1048576K
}
Event: 8.251 GC heap after
{Heap after GC invocations=3 (full 0):
 garbage-first heap   total reserved 4124672K, committed 258048K, used 63171K [0x0000000704400000, 0x0000000800000000)
  region size 2048K, 7 young (14336K), 7 survivors (14336K)
 Metaspace       used 21158K, committed 21504K, reserved 1114112K
  class space    used 3114K, committed 3264K, reserved 1048576K
}

Dll operation events (20 events):
Event: 0.345 Loaded shared library C:\Users\Admin\.openjfx\cache\22.0.1+7\amd64\api-ms-win-crt-multibyte-l1-1-0.dll
Event: 0.349 Loaded shared library C:\Users\Admin\.openjfx\cache\22.0.1+7\amd64\api-ms-win-crt-private-l1-1-0.dll
Event: 0.353 Loaded shared library C:\Users\Admin\.openjfx\cache\22.0.1+7\amd64\api-ms-win-crt-process-l1-1-0.dll
Event: 0.356 Loaded shared library C:\Users\Admin\.openjfx\cache\22.0.1+7\amd64\api-ms-win-crt-runtime-l1-1-0.dll
Event: 0.359 Loaded shared library C:\Users\Admin\.openjfx\cache\22.0.1+7\amd64\api-ms-win-crt-stdio-l1-1-0.dll
Event: 0.362 Loaded shared library C:\Users\Admin\.openjfx\cache\22.0.1+7\amd64\api-ms-win-crt-string-l1-1-0.dll
Event: 0.365 Loaded shared library C:\Users\Admin\.openjfx\cache\22.0.1+7\amd64\api-ms-win-crt-time-l1-1-0.dll
Event: 0.369 Loaded shared library C:\Users\Admin\.openjfx\cache\22.0.1+7\amd64\api-ms-win-crt-utility-l1-1-0.dll
Event: 0.381 Loaded shared library C:\Users\Admin\.openjfx\cache\22.0.1+7\amd64\ucrtbase.dll
Event: 0.385 Loaded shared library C:\Users\Admin\.openjfx\cache\22.0.1+7\amd64\vcruntime140.dll
Event: 0.387 Loaded shared library C:\Users\Admin\.openjfx\cache\22.0.1+7\amd64\vcruntime140_1.dll
Event: 0.394 Loaded shared library C:\Users\Admin\.openjfx\cache\22.0.1+7\amd64\msvcp140.dll
Event: 0.397 Loaded shared library C:\Users\Admin\.openjfx\cache\22.0.1+7\amd64\msvcp140_1.dll
Event: 0.401 Loaded shared library C:\Users\Admin\.openjfx\cache\22.0.1+7\amd64\msvcp140_2.dll
Event: 0.436 Loaded shared library C:\Users\Admin\.openjfx\cache\22.0.1+7\amd64\prism_d3d.dll
Event: 0.518 Loaded shared library C:\Users\Admin\.openjfx\cache\22.0.1+7\amd64\glass.dll
Event: 0.614 Loaded shared library C:\Program Files\Java\jdk-22\bin\jimage.dll
Event: 2.997 Loaded shared library C:\Users\Admin\.openjfx\cache\22.0.1+7\amd64\javafx_font.dll
Event: 7.652 Loaded shared library C:\Users\Admin\AppData\Local\Temp\sqlite-3.36.0.3-0178bf7d-843e-4c0c-8f2f-cb618bf5ca28-sqlitejdbc.dll
Event: 7.702 Loaded shared library C:\Users\Admin\.openjfx\cache\22.0.1+7\amd64\javafx_iio.dll

Deoptimization events (20 events):
Event: 13.465 Thread 0x000002990a391130 Uncommon trap: trap_request=0xffffff45 fr.pc=0x00000298b502f898 relative=0x0000000000000c58
Event: 13.465 Thread 0x000002990a391130 Uncommon trap: reason=unstable_if action=reinterpret pc=0x00000298b502f898 method=com.sun.javafx.image.impl.BaseByteToByteConverter$FourByteReorderer.doConvert([BII[BIIII)V @ 31 c2
Event: 13.465 Thread 0x000002990a391130 DEOPT PACKING pc=0x00000298b502f898 sp=0x000000f28f9fc2a0
Event: 13.465 Thread 0x000002990a391130 DEOPT UNPACKING pc=0x00000298b47c46a2 sp=0x000000f28f9fc228 mode 2
Event: 13.466 Thread 0x000002990a391130 Uncommon trap: trap_request=0xffffff45 fr.pc=0x00000298b519d41c relative=0x000000000000827c
Event: 13.466 Thread 0x000002990a391130 Uncommon trap: reason=unstable_if action=reinterpret pc=0x00000298b519d41c method=javafx.scene.CssStyleHelper.getCachedFont(Ljavafx/css/Styleable;)Lcom/sun/javafx/css/CalculatedValue; @ 147 c2
Event: 13.466 Thread 0x000002990a391130 DEOPT PACKING pc=0x00000298b519d41c sp=0x000000f28f9fcaf0
Event: 13.466 Thread 0x000002990a391130 DEOPT UNPACKING pc=0x00000298b47c46a2 sp=0x000000f28f9fca38 mode 2
Event: 13.471 Thread 0x000002990a391130 Uncommon trap: trap_request=0xffffff45 fr.pc=0x00000298b51376b4 relative=0x00000000000000f4
Event: 13.471 Thread 0x000002990a391130 Uncommon trap: reason=unstable_if action=reinterpret pc=0x00000298b51376b4 method=java.lang.Double.isInfinite(D)Z @ 8 c2
Event: 13.471 Thread 0x000002990a391130 DEOPT PACKING pc=0x00000298b51376b4 sp=0x000000f28f9fc9b0
Event: 13.471 Thread 0x000002990a391130 DEOPT UNPACKING pc=0x00000298b47c46a2 sp=0x000000f28f9fc8c8 mode 2
Event: 15.659 Thread 0x000002990a3af8c0 Uncommon trap: trap_request=0xffffff45 fr.pc=0x00000298b50ef610 relative=0x00000000000003d0
Event: 15.659 Thread 0x000002990a3af8c0 Uncommon trap: reason=unstable_if action=reinterpret pc=0x00000298b50ef610 method=com.sun.javafx.font.PrismFontStrike.getQuantizedPosition(Lcom/sun/javafx/geom/Point2D;)I @ 4 c2
Event: 15.659 Thread 0x000002990a3af8c0 DEOPT PACKING pc=0x00000298b50ef610 sp=0x000000f28fcfcaa0
Event: 15.659 Thread 0x000002990a3af8c0 DEOPT UNPACKING pc=0x00000298b47c46a2 sp=0x000000f28fcfc990 mode 2
Event: 15.666 Thread 0x000002990a3af8c0 Uncommon trap: trap_request=0xffffff45 fr.pc=0x00000298b50f144c relative=0x00000000000005ec
Event: 15.666 Thread 0x000002990a3af8c0 Uncommon trap: reason=unstable_if action=reinterpret pc=0x00000298b50f144c method=com.sun.prism.impl.GlyphCache.addDataToQuad(Lcom/sun/prism/impl/GlyphCache$GlyphData;Lcom/sun/prism/impl/VertexBuffer;Lcom/sun/prism/Texture;FFFF)V @ 149 c2
Event: 15.666 Thread 0x000002990a3af8c0 DEOPT PACKING pc=0x00000298b50f144c sp=0x000000f28fcfca90
Event: 15.666 Thread 0x000002990a3af8c0 DEOPT UNPACKING pc=0x00000298b47c46a2 sp=0x000000f28fcfc9b0 mode 2

Classes loaded (20 events):
Event: 12.865 Loading class java/util/stream/IntPipeline$1
Event: 12.865 Loading class java/util/stream/IntPipeline$1 done
Event: 12.866 Loading class java/util/stream/ReferencePipeline$15
Event: 12.866 Loading class java/util/stream/ReferencePipeline$15 done
Event: 12.866 Loading class java/util/stream/ReferencePipeline$15$1
Event: 12.866 Loading class java/util/stream/ReferencePipeline$15$1 done
Event: 12.866 Loading class java/util/stream/IntPipeline$1$1
Event: 12.866 Loading class java/util/stream/IntPipeline$1$1 done
Event: 12.866 Loading class java/util/stream/ReferencePipeline$4$1
Event: 12.866 Loading class java/util/stream/ReferencePipeline$4$1 done
Event: 12.866 Loading class java/util/stream/IntPipeline$11
Event: 12.866 Loading class java/util/stream/IntPipeline$11 done
Event: 12.866 Loading class java/util/stream/ReduceOps$9
Event: 12.866 Loading class java/util/stream/ReduceOps$9 done
Event: 12.866 Loading class java/util/stream/ReduceOps$CountingSink$OfInt
Event: 12.866 Loading class java/util/stream/ReduceOps$CountingSink
Event: 12.867 Loading class java/util/stream/ReduceOps$CountingSink done
Event: 12.867 Loading class java/util/stream/ReduceOps$CountingSink$OfInt done
Event: 12.867 Loading class java/util/stream/IntPipeline$11$1
Event: 12.867 Loading class java/util/stream/IntPipeline$11$1 done

Classes unloaded (0 events):
No events

Classes redefined (0 events):
No events

Internal exceptions (20 events):
Event: 7.697 Thread 0x000002990a391130 Exception <a 'java/io/FileNotFoundException'{0x0000000712849978}> (0x0000000712849978) 
thrown [s\open\src\hotspot\share\prims\jni.cpp, line 520]
Event: 7.721 Thread 0x000002990a391130 Exception <a 'java/io/FileNotFoundException'{0x000000071286f198}> (0x000000071286f198) 
thrown [s\open\src\hotspot\share\prims\jni.cpp, line 520]
Event: 7.724 Thread 0x000002990a391130 Exception <a 'java/io/FileNotFoundException'{0x00000007128797e0}> (0x00000007128797e0) 
thrown [s\open\src\hotspot\share\prims\jni.cpp, line 520]
Event: 7.727 Thread 0x000002990a391130 Exception <a 'java/io/FileNotFoundException'{0x0000000712887688}> (0x0000000712887688) 
thrown [s\open\src\hotspot\share\prims\jni.cpp, line 520]
Event: 7.732 Thread 0x000002990a391130 Exception <a 'java/io/FileNotFoundException'{0x0000000712891d08}> (0x0000000712891d08) 
thrown [s\open\src\hotspot\share\prims\jni.cpp, line 520]
Event: 7.786 Thread 0x000002990a391130 Exception <a 'java/io/FileNotFoundException'{0x00000007129f5a58}> (0x00000007129f5a58) 
thrown [s\open\src\hotspot\share\prims\jni.cpp, line 520]
Event: 7.852 Thread 0x000002990a391130 Exception <a 'java/io/FileNotFoundException'{0x0000000712517048}> (0x0000000712517048) 
thrown [s\open\src\hotspot\share\prims\jni.cpp, line 520]
Event: 7.882 Thread 0x000002990a391130 Exception <a 'java/io/FileNotFoundException'{0x0000000712318750}> (0x0000000712318750) 
thrown [s\open\src\hotspot\share\prims\jni.cpp, line 520]
Event: 7.914 Thread 0x000002990a391130 Exception <a 'sun/nio/fs/WindowsException'{0x0000000711ea70e0}> (0x0000000711ea70e0) 
thrown [s\open\src\hotspot\share\prims\jni.cpp, line 520]
Event: 7.921 Thread 0x000002990a391130 Exception <a 'java/lang/NoSuchMethodError'{0x0000000711f2dad8}: 'int java.lang.invoke.DirectMethodHandle$Holder.invokeVirtual(java.lang.Object, java.lang.Object)'> (0x0000000711f2dad8) 
thrown [s\open\src\hotspot\share\interpreter\linkResolver.cpp, line 774]
Event: 10.918 Thread 0x000002990a391130 Exception <a 'java/lang/NoSuchMethodError'{0x0000000711359ac8}: 'java.lang.Object java.lang.invoke.DelegatingMethodHandle$Holder.reinvoke_L(java.lang.Object, double, double, double, double)'> (0x0000000711359ac8) 
thrown [s\open\src\hotspot\share\interpreter\linkResolver.cpp, line 774]
Event: 10.919 Thread 0x000002990a391130 Exception <a 'java/lang/NoSuchMethodError'{0x00000007113649d0}: 'java.lang.Object java.lang.invoke.DirectMethodHandle$Holder.invokeStatic(java.lang.Object, java.lang.Object, int)'> (0x00000007113649d0) 
thrown [s\open\src\hotspot\share\interpreter\linkResolver.cpp, line 774]
Event: 10.920 Thread 0x000002990a391130 Exception <a 'java/lang/NoSuchMethodError'{0x0000000711368878}: 'void java.lang.invoke.DirectMethodHandle$Holder.invokeStatic(java.lang.Object, java.lang.Object, int, java.lang.Object)'> (0x0000000711368878) 
thrown [s\open\src\hotspot\share\interpreter\linkResolver.cpp, line 774]
Event: 10.920 Thread 0x000002990a391130 Exception <a 'java/lang/NoSuchMethodError'{0x000000071136f5b8}: 'void java.lang.invoke.DelegatingMethodHandle$Holder.delegate(java.lang.Object, java.lang.Object, int, java.lang.Object)'> (0x000000071136f5b8) 
thrown [s\open\src\hotspot\share\interpreter\linkResolver.cpp, line 774]
Event: 10.926 Thread 0x000002990a391130 Exception <a 'java/io/FileNotFoundException'{0x00000007113a0120}> (0x00000007113a0120) 
thrown [s\open\src\hotspot\share\prims\jni.cpp, line 520]
Event: 12.866 Thread 0x000002990a391130 Exception <a 'java/lang/NoSuchMethodError'{0x000000070f6d24e8}: 'void java.lang.invoke.DirectMethodHandle$Holder.invokeVirtual(java.lang.Object, java.lang.Object, int)'> (0x000000070f6d24e8) 
thrown [s\open\src\hotspot\share\interpreter\linkResolver.cpp, line 774]
Event: 13.399 Thread 0x000002990a391130 Exception <a 'java/io/FileNotFoundException'{0x000000070f591778}> (0x000000070f591778) 
thrown [s\open\src\hotspot\share\prims\jni.cpp, line 520]
Event: 13.429 Thread 0x000002990a391130 Exception <a 'java/lang/NoSuchMethodError'{0x000000070f3b26f0}: 'void java.lang.invoke.DirectMethodHandle$Holder.invokeSpecial(java.lang.Object, java.lang.Object, int, int)'> (0x000000070f3b26f0) 
thrown [s\open\src\hotspot\share\interpreter\linkResolver.cpp, line 774]
Event: 13.429 Thread 0x000002990a391130 Exception <a 'java/lang/NoSuchMethodError'{0x000000070f3b8548}: 'java.lang.Object java.lang.invoke.DirectMethodHandle$Holder.newInvokeSpecial(java.lang.Object, java.lang.Object, int, int)'> (0x000000070f3b8548) 
thrown [s\open\src\hotspot\share\interpreter\linkResolver.cpp, line 774]
Event: 13.429 Thread 0x000002990a391130 Exception <a 'java/lang/NoSuchMethodError'{0x000000070f3bc4d8}: 'java.lang.Object java.lang.invoke.DirectMethodHandle$Holder.invokeSpecial(java.lang.Object, java.lang.Object, java.lang.Object, int, int)'> (0x000000070f3bc4d8) 
thrown [s\open\src\hotspot\share\interpreter\linkResolver.cpp, line 774]

ZGC Phase Switch (0 events):
No events

VM Operations (20 events):
Event: 12.868 Executing VM operation: HandshakeAllThreads (Deoptimize)
Event: 12.868 Executing VM operation: HandshakeAllThreads (Deoptimize) done
Event: 13.423 Executing VM operation: ICBufferFull
Event: 13.423 Executing VM operation: ICBufferFull done
Event: 13.463 Executing VM operation: HandshakeAllThreads (Deoptimize)
Event: 13.463 Executing VM operation: HandshakeAllThreads (Deoptimize) done
Event: 14.463 Executing VM operation: Cleanup
Event: 14.463 Executing VM operation: Cleanup done
Event: 15.464 Executing VM operation: Cleanup
Event: 15.464 Executing VM operation: Cleanup done
Event: 16.464 Executing VM operation: Cleanup
Event: 16.464 Executing VM operation: Cleanup done
Event: 17.464 Executing VM operation: Cleanup
Event: 17.464 Executing VM operation: Cleanup done
Event: 18.464 Executing VM operation: Cleanup
Event: 18.464 Executing VM operation: Cleanup done
Event: 20.465 Executing VM operation: Cleanup
Event: 20.465 Executing VM operation: Cleanup done
Event: 23.465 Executing VM operation: Cleanup
Event: 23.465 Executing VM operation: Cleanup done

Memory protections (0 events):
No events

Nmethod flushes (0 events):
No events

Events (20 events):
Event: 10.951 Thread 0x00000298c4f6e3f0 Thread added: 0x0000029915c1cf80
Event: 10.953 Thread 0x0000029915c1cf80 Thread added: 0x0000029915c17020
Event: 11.640 Thread 0x0000029915c17020 Thread exited: 0x0000029915c17020
Event: 11.752 Thread 0x0000029915c1d650 Thread exited: 0x0000029915c1d650
Event: 11.977 Thread 0x0000029915c1c8b0 Thread exited: 0x0000029915c1c8b0
Event: 12.035 Thread 0x0000029915c1a6a0 Thread exited: 0x0000029915c1a6a0
Event: 12.073 Thread 0x0000029915c1e3f0 Thread exited: 0x0000029915c1e3f0
Event: 12.873 Thread 0x00000298c4f6dd30 Thread added: 0x0000029915c1b440
Event: 12.874 Thread 0x00000298c4f5fa20 Thread added: 0x0000029915c176f0
Event: 13.014 Thread 0x0000029915c176f0 Thread exited: 0x0000029915c176f0
Event: 13.014 Thread 0x0000029915c1b440 Thread exited: 0x0000029915c1b440
Event: 13.081 Thread 0x00000298c4f60730 Thread added: 0x0000029915c17dc0
Event: 13.273 Thread 0x0000029915c17dc0 Thread exited: 0x0000029915c17dc0
Event: 13.290 Thread 0x0000029915c1cf80 Thread added: 0x0000029915c1e3f0
Event: 13.295 Thread 0x0000029915c1cf80 Thread added: 0x0000029915c1d650
Event: 13.917 Thread 0x0000029915c1d650 Thread exited: 0x0000029915c1d650
Event: 13.917 Thread 0x0000029915c1e3f0 Thread exited: 0x0000029915c1e3f0
Event: 14.125 Thread 0x0000029915c1cf80 Thread exited: 0x0000029915c1cf80
Event: 14.129 Thread 0x00000298c4f6e3f0 Thread exited: 0x00000298c4f6e3f0
Event: 14.857 Thread 0x00000298c4f6dd30 Thread exited: 0x00000298c4f6dd30


Dynamic libraries:
0x00007ff654fb0000 - 0x00007ff654fc0000 	C:\Program Files\Java\jdk-22\bin\java.exe
0x00007ffcf9fd0000 - 0x00007ffcfa1e7000 	C:\WINDOWS\SYSTEM32\ntdll.dll
0x00007ffcf7ea0000 - 0x00007ffcf7f64000 	C:\WINDOWS\System32\KERNEL32.DLL
0x00007ffcf7680000 - 0x00007ffcf7a39000 	C:\WINDOWS\System32\KERNELBASE.dll
0x00007ffcf7370000 - 0x00007ffcf7481000 	C:\WINDOWS\System32\ucrtbase.dll
0x00007ffcf3440000 - 0x00007ffcf345b000 	C:\Program Files\Java\jdk-22\bin\VCRUNTIME140.dll
0x00007ffce8410000 - 0x00007ffce8427000 	C:\Program Files\Java\jdk-22\bin\jli.dll
0x00007ffcf95e0000 - 0x00007ffcf978e000 	C:\WINDOWS\System32\USER32.dll
0x00007ffce4ba0000 - 0x00007ffce4e32000 	C:\WINDOWS\WinSxS\amd64_microsoft.windows.common-controls_6595b64144ccf1df_6.0.22621.4391_none_2715d37f73803e96\COMCTL32.dll
0x00007ffcf75b0000 - 0x00007ffcf75d6000 	C:\WINDOWS\System32\win32u.dll
0x00007ffcf9a00000 - 0x00007ffcf9aa7000 	C:\WINDOWS\System32\msvcrt.dll
0x00007ffcf7cf0000 - 0x00007ffcf7d19000 	C:\WINDOWS\System32\GDI32.dll
0x00007ffcf7490000 - 0x00007ffcf75ab000 	C:\WINDOWS\System32\gdi32full.dll
0x00007ffcf75e0000 - 0x00007ffcf767a000 	C:\WINDOWS\System32\msvcp_win.dll
0x00007ffcf9f50000 - 0x00007ffcf9f81000 	C:\WINDOWS\System32\IMM32.DLL
0x00007ffceff20000 - 0x00007ffceff2c000 	C:\Program Files\Java\jdk-22\bin\vcruntime140_1.dll
0x00007ffca7620000 - 0x00007ffca76ae000 	C:\Program Files\Java\jdk-22\bin\msvcp140.dll
0x00007ffc58140000 - 0x00007ffc58e89000 	C:\Program Files\Java\jdk-22\bin\server\jvm.dll
0x00007ffcf9ab0000 - 0x00007ffcf9b62000 	C:\WINDOWS\System32\ADVAPI32.dll
0x00007ffcf83e0000 - 0x00007ffcf8487000 	C:\WINDOWS\System32\sechost.dll
0x00007ffcf72d0000 - 0x00007ffcf72f8000 	C:\WINDOWS\System32\bcrypt.dll
0x00007ffcf8690000 - 0x00007ffcf87a4000 	C:\WINDOWS\System32\RPCRT4.dll
0x00007ffcf7e20000 - 0x00007ffcf7e91000 	C:\WINDOWS\System32\WS2_32.dll
0x00007ffce86e0000 - 0x00007ffce8714000 	C:\WINDOWS\SYSTEM32\WINMM.dll
0x00007ffcf6130000 - 0x00007ffcf617d000 	C:\WINDOWS\SYSTEM32\POWRPROF.dll
0x00007ffced9e0000 - 0x00007ffced9ea000 	C:\WINDOWS\SYSTEM32\VERSION.dll
0x00007ffcf6110000 - 0x00007ffcf6123000 	C:\WINDOWS\SYSTEM32\UMPDC.dll
0x00007ffcf63d0000 - 0x00007ffcf63e8000 	C:\WINDOWS\SYSTEM32\kernel.appcore.dll
0x00007ffcefb30000 - 0x00007ffcefb3a000 	C:\Program Files\Java\jdk-22\bin\jimage.dll
0x00007ffcf4630000 - 0x00007ffcf4862000 	C:\WINDOWS\SYSTEM32\DBGHELP.DLL
0x00007ffcf8050000 - 0x00007ffcf83df000 	C:\WINDOWS\System32\combase.dll
0x00007ffcf97a0000 - 0x00007ffcf9877000 	C:\WINDOWS\System32\OLEAUT32.dll
0x00007ffcd4380000 - 0x00007ffcd43b2000 	C:\WINDOWS\SYSTEM32\dbgcore.DLL
0x00007ffcf7c70000 - 0x00007ffcf7ceb000 	C:\WINDOWS\System32\bcryptPrimitives.dll
0x00007ffce47f0000 - 0x00007ffce47ff000 	C:\Program Files\Java\jdk-22\bin\instrument.dll
0x00007ffce5900000 - 0x00007ffce591e000 	C:\Program Files\Java\jdk-22\bin\java.dll
0x00007ffcf8d50000 - 0x00007ffcf95c6000 	C:\WINDOWS\System32\SHELL32.dll
0x00007ffcf84e0000 - 0x00007ffcf8685000 	C:\WINDOWS\System32\ole32.dll
0x00007ffcf51d0000 - 0x00007ffcf5ad3000 	C:\WINDOWS\SYSTEM32\windows.storage.dll
0x00007ffcf5090000 - 0x00007ffcf51cf000 	C:\WINDOWS\SYSTEM32\wintypes.dll
0x00007ffcf7d20000 - 0x00007ffcf7e19000 	C:\WINDOWS\System32\SHCORE.dll
0x00007ffcf8cf0000 - 0x00007ffcf8d4e000 	C:\WINDOWS\System32\shlwapi.dll
0x00007ffcf7200000 - 0x00007ffcf722b000 	C:\WINDOWS\SYSTEM32\profapi.dll
0x00007ffca6240000 - 0x00007ffca6317000 	C:\Program Files\Java\jdk-22\bin\jsvml.dll
0x00007ffcefa50000 - 0x00007ffcefa60000 	C:\Program Files\Java\jdk-22\bin\net.dll
0x00007ffcf6880000 - 0x00007ffcf68e9000 	C:\WINDOWS\system32\mswsock.dll
0x00007ffce4640000 - 0x00007ffce4656000 	C:\Program Files\Java\jdk-22\bin\nio.dll
0x00007ffce30f0000 - 0x00007ffce3107000 	C:\Program Files\Java\jdk-22\bin\zip.dll
0x00007ffcc3b40000 - 0x00007ffcc3b5a000 	C:\Program Files\JetBrains\IntelliJ IDEA Community Edition 2024.2.1\bin\breakgen64.dll
0x00000298a4f20000 - 0x00000298a4f23000 	C:\Users\Admin\.openjfx\cache\22.0.1+7\amd64\api-ms-win-core-console-l1-1-0.dll
0x00000298a4f30000 - 0x00000298a4f33000 	C:\Users\Admin\.openjfx\cache\22.0.1+7\amd64\api-ms-win-core-console-l1-2-0.dll
0x00000298a4f40000 - 0x00000298a4f43000 	C:\Users\Admin\.openjfx\cache\22.0.1+7\amd64\api-ms-win-core-datetime-l1-1-0.dll
0x00000298a4f50000 - 0x00000298a4f53000 	C:\Users\Admin\.openjfx\cache\22.0.1+7\amd64\api-ms-win-core-debug-l1-1-0.dll
0x00000298a4f60000 - 0x00000298a4f63000 	C:\Users\Admin\.openjfx\cache\22.0.1+7\amd64\api-ms-win-core-errorhandling-l1-1-0.dll
0x00000298a4f70000 - 0x00000298a4f74000 	C:\Users\Admin\.openjfx\cache\22.0.1+7\amd64\api-ms-win-core-file-l1-1-0.dll
0x00000298a4f80000 - 0x00000298a4f83000 	C:\Users\Admin\.openjfx\cache\22.0.1+7\amd64\api-ms-win-core-file-l1-2-0.dll
0x00000298c4f70000 - 0x00000298c4f73000 	C:\Users\Admin\.openjfx\cache\22.0.1+7\amd64\api-ms-win-core-file-l2-1-0.dll
0x00000298c4f80000 - 0x00000298c4f83000 	C:\Users\Admin\.openjfx\cache\22.0.1+7\amd64\api-ms-win-core-handle-l1-1-0.dll
0x00000298c4f90000 - 0x00000298c4f93000 	C:\Users\Admin\.openjfx\cache\22.0.1+7\amd64\api-ms-win-core-heap-l1-1-0.dll
0x00000298c4fa0000 - 0x00000298c4fa3000 	C:\Users\Admin\.openjfx\cache\22.0.1+7\amd64\api-ms-win-core-interlocked-l1-1-0.dll
0x00000298c4fb0000 - 0x00000298c4fb3000 	C:\Users\Admin\.openjfx\cache\22.0.1+7\amd64\api-ms-win-core-libraryloader-l1-1-0.dll
0x00000298c4fc0000 - 0x00000298c4fc3000 	C:\Users\Admin\.openjfx\cache\22.0.1+7\amd64\api-ms-win-core-localization-l1-2-0.dll
0x00000298c4fd0000 - 0x00000298c4fd3000 	C:\Users\Admin\.openjfx\cache\22.0.1+7\amd64\api-ms-win-core-memory-l1-1-0.dll
0x00000298c4fe0000 - 0x00000298c4fe3000 	C:\Users\Admin\.openjfx\cache\22.0.1+7\amd64\api-ms-win-core-namedpipe-l1-1-0.dll
0x00000298c4ff0000 - 0x00000298c4ff3000 	C:\Users\Admin\.openjfx\cache\22.0.1+7\amd64\api-ms-win-core-processenvironment-l1-1-0.dll
0x000002990bcd0000 - 0x000002990bcd3000 	C:\Users\Admin\.openjfx\cache\22.0.1+7\amd64\api-ms-win-core-processthreads-l1-1-0.dll
0x000002990bce0000 - 0x000002990bce3000 	C:\Users\Admin\.openjfx\cache\22.0.1+7\amd64\api-ms-win-core-processthreads-l1-1-1.dll
0x000002990bcf0000 - 0x000002990bcf3000 	C:\Users\Admin\.openjfx\cache\22.0.1+7\amd64\api-ms-win-core-profile-l1-1-0.dll
0x000002990bd00000 - 0x000002990bd03000 	C:\Users\Admin\.openjfx\cache\22.0.1+7\amd64\api-ms-win-core-rtlsupport-l1-1-0.dll
0x000002990bd10000 - 0x000002990bd13000 	C:\Users\Admin\.openjfx\cache\22.0.1+7\amd64\api-ms-win-core-string-l1-1-0.dll
0x000002990bd20000 - 0x000002990bd23000 	C:\Users\Admin\.openjfx\cache\22.0.1+7\amd64\api-ms-win-core-synch-l1-1-0.dll
0x000002990bd30000 - 0x000002990bd33000 	C:\Users\Admin\.openjfx\cache\22.0.1+7\amd64\api-ms-win-core-synch-l1-2-0.dll
0x000002990bd40000 - 0x000002990bd43000 	C:\Users\Admin\.openjfx\cache\22.0.1+7\amd64\api-ms-win-core-sysinfo-l1-1-0.dll
0x000002990bd50000 - 0x000002990bd53000 	C:\Users\Admin\.openjfx\cache\22.0.1+7\amd64\api-ms-win-core-timezone-l1-1-0.dll
0x000002990bd60000 - 0x000002990bd63000 	C:\Users\Admin\.openjfx\cache\22.0.1+7\amd64\api-ms-win-core-util-l1-1-0.dll
0x000002990bd70000 - 0x000002990bd73000 	C:\Users\Admin\.openjfx\cache\22.0.1+7\amd64\api-ms-win-crt-conio-l1-1-0.dll
0x000002990bd80000 - 0x000002990bd84000 	C:\Users\Admin\.openjfx\cache\22.0.1+7\amd64\api-ms-win-crt-convert-l1-1-0.dll
0x000002990bd90000 - 0x000002990bd93000 	C:\Users\Admin\.openjfx\cache\22.0.1+7\amd64\api-ms-win-crt-environment-l1-1-0.dll
0x000002990bda0000 - 0x000002990bda3000 	C:\Users\Admin\.openjfx\cache\22.0.1+7\amd64\api-ms-win-crt-filesystem-l1-1-0.dll
0x000002990bdb0000 - 0x000002990bdb3000 	C:\Users\Admin\.openjfx\cache\22.0.1+7\amd64\api-ms-win-crt-heap-l1-1-0.dll
0x000002990bdc0000 - 0x000002990bdc3000 	C:\Users\Admin\.openjfx\cache\22.0.1+7\amd64\api-ms-win-crt-locale-l1-1-0.dll
0x000002990bdd0000 - 0x000002990bdd5000 	C:\Users\Admin\.openjfx\cache\22.0.1+7\amd64\api-ms-win-crt-math-l1-1-0.dll
0x000002990bde0000 - 0x000002990bde5000 	C:\Users\Admin\.openjfx\cache\22.0.1+7\amd64\api-ms-win-crt-multibyte-l1-1-0.dll
0x000002990bdf0000 - 0x000002990be00000 	C:\Users\Admin\.openjfx\cache\22.0.1+7\amd64\api-ms-win-crt-private-l1-1-0.dll
0x000002990be00000 - 0x000002990be03000 	C:\Users\Admin\.openjfx\cache\22.0.1+7\amd64\api-ms-win-crt-process-l1-1-0.dll
0x000002990be10000 - 0x000002990be14000 	C:\Users\Admin\.openjfx\cache\22.0.1+7\amd64\api-ms-win-crt-runtime-l1-1-0.dll
0x000002990be20000 - 0x000002990be24000 	C:\Users\Admin\.openjfx\cache\22.0.1+7\amd64\api-ms-win-crt-stdio-l1-1-0.dll
0x000002990be30000 - 0x000002990be34000 	C:\Users\Admin\.openjfx\cache\22.0.1+7\amd64\api-ms-win-crt-string-l1-1-0.dll
0x000002990be40000 - 0x000002990be43000 	C:\Users\Admin\.openjfx\cache\22.0.1+7\amd64\api-ms-win-crt-time-l1-1-0.dll
0x000002990be50000 - 0x000002990be53000 	C:\Users\Admin\.openjfx\cache\22.0.1+7\amd64\api-ms-win-crt-utility-l1-1-0.dll
0x00007ffca1eb0000 - 0x00007ffca1fac000 	C:\Users\Admin\.openjfx\cache\22.0.1+7\amd64\ucrtbase.dll
0x00007ffcc27a0000 - 0x00007ffcc27bb000 	C:\Users\Admin\.openjfx\cache\22.0.1+7\amd64\vcruntime140.dll
0x00007ffce3070000 - 0x00007ffce307c000 	C:\Users\Admin\.openjfx\cache\22.0.1+7\amd64\vcruntime140_1.dll
0x00007ffca0a50000 - 0x00007ffca0ade000 	C:\Users\Admin\.openjfx\cache\22.0.1+7\amd64\msvcp140.dll
0x00007ffce2ff0000 - 0x00007ffce2ff9000 	C:\Users\Admin\.openjfx\cache\22.0.1+7\amd64\msvcp140_1.dll
0x00007ffcb05e0000 - 0x00007ffcb0621000 	C:\Users\Admin\.openjfx\cache\22.0.1+7\amd64\msvcp140_2.dll
0x00007ffcc1e60000 - 0x00007ffcc1e90000 	C:\Users\Admin\.openjfx\cache\22.0.1+7\amd64\prism_d3d.dll
0x00007ffcd7120000 - 0x00007ffcd72c8000 	C:\WINDOWS\system32\d3d9.dll
0x00007ffcf4120000 - 0x00007ffcf414b000 	C:\WINDOWS\SYSTEM32\dwmapi.dll
0x00007ffcf45e0000 - 0x00007ffcf4617000 	C:\WINDOWS\SYSTEM32\dxcore.dll
0x00007ffcf3e90000 - 0x00007ffcf3f41000 	C:\WINDOWS\system32\uxtheme.dll
0x00007ffc856b0000 - 0x00007ffc85760000 	C:\WINDOWS\SYSTEM32\d3d9on12.dll
0x00007ffc873f0000 - 0x00007ffc87416000 	C:\WINDOWS\SYSTEM32\d3d12.dll
0x00007ffcf4010000 - 0x00007ffcf4107000 	C:\WINDOWS\SYSTEM32\dxgi.dll
0x00007ffcf6f90000 - 0x00007ffcf6fde000 	C:\WINDOWS\SYSTEM32\cfgmgr32.dll
0x00007ffc827b0000 - 0x00007ffc829b2000 	C:\WINDOWS\SYSTEM32\D3D12Core.dll
0x00007ffc846d0000 - 0x00007ffc847d7000 	C:\WINDOWS\System32\DriverStore\FileRepository\iigd_dch.inf_amd64_a582115f5de863e1\igd12umd64.dll
0x00007ffc7d400000 - 0x00007ffc7e305000 	C:\WINDOWS\System32\DriverStore\FileRepository\iigd_dch.inf_amd64_a582115f5de863e1\igd12um64xel.dll
0x00007ffcf7b00000 - 0x00007ffcf7c66000 	C:\WINDOWS\System32\CRYPT32.dll
0x00007ffcb82f0000 - 0x00007ffcb8334000 	C:\WINDOWS\SYSTEM32\ControlLib.dll
0x00007ffcf87b0000 - 0x00007ffcf8c24000 	C:\WINDOWS\System32\SETUPAPI.dll
0x00007ffcf6fe0000 - 0x00007ffcf700c000 	C:\WINDOWS\SYSTEM32\DEVOBJ.dll
0x00007ffce8650000 - 0x00007ffce86db000 	C:\WINDOWS\System32\DriverStore\FileRepository\iigd_dch.inf_amd64_a582115f5de863e1\IntelControlLib.dll
0x00007ffcf7300000 - 0x00007ffcf736c000 	C:\WINDOWS\System32\WINTRUST.dll
0x00007ffcf6f70000 - 0x00007ffcf6f82000 	C:\WINDOWS\SYSTEM32\MSASN1.dll
0x00007ffcf0660000 - 0x00007ffcf06a9000 	C:\WINDOWS\SYSTEM32\directxdatabasehelper.dll
0x00007ffce67d0000 - 0x00007ffce6c08000 	C:\WINDOWS\System32\DriverStore\FileRepository\iigd_dch.inf_amd64_a582115f5de863e1\igdgmm64.dll
0x00007ffcde690000 - 0x00007ffce253d000 	C:\WINDOWS\System32\DriverStore\FileRepository\iigd_dch.inf_amd64_a582115f5de863e1\igc64.dll
0x00007ffc85dc0000 - 0x00007ffc85def000 	C:\WINDOWS\SYSTEM32\D3DSCache.dll
0x00007ffcf6970000 - 0x00007ffcf6998000 	C:\WINDOWS\SYSTEM32\USERENV.dll
0x00007ffc824b0000 - 0x00007ffc827ac000 	C:\WINDOWS\System32\DriverStore\FileRepository\iigd_dch.inf_amd64_a582115f5de863e1\igd12dxva64.dll
0x00007ffc99670000 - 0x00007ffc9a853000 	C:\WINDOWS\System32\DriverStore\FileRepository\iigd_dch.inf_amd64_a582115f5de863e1\igddxvacommon64.dll
0x00007ffc97940000 - 0x00007ffc99661000 	C:\WINDOWS\System32\DriverStore\FileRepository\iigd_dch.inf_amd64_a582115f5de863e1\media_bin_64.dll
0x00007ffcb4660000 - 0x00007ffcb4687000 	C:\WINDOWS\System32\DriverStore\FileRepository\iigd_dch.inf_amd64_a582115f5de863e1\igdinfo64.dll
0x00007ffcf6ad0000 - 0x00007ffcf6aeb000 	C:\WINDOWS\SYSTEM32\CRYPTSP.dll
0x00007ffcf6330000 - 0x00007ffcf6365000 	C:\WINDOWS\system32\rsaenh.dll
0x00007ffcf6af0000 - 0x00007ffcf6afc000 	C:\WINDOWS\SYSTEM32\CRYPTBASE.dll
0x00007ffceb060000 - 0x00007ffceb304000 	C:\WINDOWS\SYSTEM32\twinapi.appcore.dll

dbghelp: loaded successfully - version: 4.0.5 - missing functions: none
symbol engine: initialized successfully - sym options: 0x614 - pdb path: .;C:\Program Files\Java\jdk-22\bin;C:\WINDOWS\SYSTEM32;C:\WINDOWS\WinSxS\amd64_microsoft.windows.common-controls_6595b64144ccf1df_6.0.22621.4391_none_2715d37f73803e96;C:\Program Files\Java\jdk-22\bin\server;C:\Program Files\JetBrains\IntelliJ IDEA Community Edition 2024.2.1\bin;C:\Users\Admin\.openjfx\cache\22.0.1+7\amd64;C:\WINDOWS\System32\DriverStore\FileRepository\iigd_dch.inf_amd64_a582115f5de863e1;C:\Program Files\Common Files\Microsoft Shared\Ink;C:\Users\Admin\AppData\Local\Temp

VM Arguments:
jvm_args: --enable-preview -javaagent:C:\Program Files\JetBrains\IntelliJ IDEA Community Edition 2024.2.1\lib\idea_rt.jar=61887:C:\Program Files\JetBrains\IntelliJ IDEA Community Edition 2024.2.1\bin -Dfile.encoding=UTF-8 -Dsun.stdout.encoding=UTF-8 -Dsun.stderr.encoding=UTF-8 --module-path=C:\Users\Admin\.m2\repository\org\openjfx\javafx-graphics\22.0.1\javafx-graphics-22.0.1-win.jar;C:\Users\Admin\.m2\repository\org\openjfx\javafx-fxml\22.0.1\javafx-fxml-22.0.1-win.jar;C:\Users\Admin\IdeaProjects\ProjectJava\Library_Management_504\target\classes;C:\Users\Admin\.m2\repository\org\json\json\20210307\json-20210307.jar;C:\Users\Admin\.m2\repository\org\openjfx\javafx-base\22.0.1\javafx-base-22.0.1-win.jar;C:\Users\Admin\.m2\repository\org\testng\testng\7.10.2\testng-7.10.2.jar;C:\Users\Admin\.m2\repository\org\openjfx\javafx-controls\22.0.1\javafx-controls-22.0.1-win.jar -Djdk.module.main=org.example 
java_command: org.example/org.example.Main
java_class_path (initial): C:\Users\Admin\.m2\repository\org\openjfx\javafx-controls\22.0.1\javafx-controls-22.0.1.jar;C:\Users\Admin\.m2\repository\org\openjfx\javafx-graphics\22.0.1\javafx-graphics-22.0.1.jar;C:\Users\Admin\.m2\repository\org\openjfx\javafx-base\22.0.1\javafx-base-22.0.1.jar;C:\Users\Admin\.m2\repository\org\openjfx\javafx-fxml\22.0.1\javafx-fxml-22.0.1.jar;C:\Users\Admin\.m2\repository\org\xerial\sqlite-jdbc\3.36.0.3\sqlite-jdbc-3.36.0.3.jar;C:\Users\Admin\.m2\repository\com\jfoenix\jfoenix\9.0.10\jfoenix-9.0.10.jar;C:\Users\Admin\.m2\repository\org\slf4j\slf4j-api\1.7.36\slf4j-api-1.7.36.jar;C:\Users\Admin\.m2\repository\com\beust\jcommander\1.82\jcommander-1.82.jar;C:\Users\Admin\.m2\repository\org\webjars\jquery\3.7.1\jquery-3.7.1.jar
Launcher Type: SUN_STANDARD

[Global flags]
     intx CICompilerCount                          = 12                                        {product} {ergonomic}
     uint ConcGCThreads                            = 4                                         {product} {ergonomic}
     uint G1ConcRefinementThreads                  = 15                                        {product} {ergonomic}
   size_t G1HeapRegionSize                         = 2097152                                   {product} {ergonomic}
   size_t InitialHeapSize                          = 264241152                                 {product} {ergonomic}
   size_t MarkStackSize                            = 4194304                                   {product} {ergonomic}
   size_t MaxHeapSize                              = 4223664128                                {product} {ergonomic}
   size_t MaxNewSize                               = 2533359616                                {product} {ergonomic}
   size_t MinHeapDeltaBytes                        = 2097152                                   {product} {ergonomic}
   size_t MinHeapSize                              = 8388608                                   {product} {ergonomic}
    uintx NonNMethodCodeHeapSize                   = 7602480                                {pd product} {ergonomic}
    uintx NonProfiledCodeHeapSize                  = 122027880                              {pd product} {ergonomic}
    uintx ProfiledCodeHeapSize                     = 122027880                              {pd product} {ergonomic}
    uintx ReservedCodeCacheSize                    = 251658240                              {pd product} {ergonomic}
     bool SegmentedCodeCache                       = true                                      {product} {ergonomic}
   size_t SoftMaxHeapSize                          = 4223664128                             {manageable} {ergonomic}
     bool UseCompressedOops                        = true                           {product lp64_product} {ergonomic}
     bool UseG1GC                                  = true                                      {product} {ergonomic}
     bool UseLargePagesIndividualAllocation        = false                                  {pd product} {ergonomic}

Logging:
Log output configuration:
 #0: stdout all=warning uptime,level,tags foldmultilines=false
 #1: stderr all=off uptime,level,tags foldmultilines=false

Environment Variables:
PATH=C:\Program Files\Common Files\Oracle\Java\javapath;C:\Program Files (x86)\Common Files\Oracle\Java\javapath;C:\Windows\system32;C:\Windows;C:\Windows\System32\Wbem;C:\Windows\System32\WindowsPowerShell\v1.0\;C:\Windows\System32\OpenSSH\;C:\Program Files (x86)\NVIDIA Corporation\PhysX\Common;C:\WINDOWS\system32;C:\WINDOWS;C:\WINDOWS\System32\Wbem;C:\WINDOWS\System32\WindowsPowerShell\v1.0\;C:\WINDOWS\System32\OpenSSH\;C:\msys64\ucrt64\bin;C:\Program Files\Cloudflare\Cloudflare WARP\;C:\Program Files\Git\cmd;C:\Program Files\NVIDIA Corporation\NVIDIA app\NvDLISR;C:\Program Files\dotnet\;C:\Program Files\MySQL\MySQL Shell 8.0\bin\;C:\Users\Admin\AppData\Local\Microsoft\WindowsApps;C:\Users\Admin\AppData\Local\Programs\Microsoft VS Code\bin;C:\msys64\ucrt64\bin;C:\Users\Admin\AppData\Local\GitHubDesktop\bin
USERNAME=Admin
OS=Windows_NT
PROCESSOR_IDENTIFIER=Intel64 Family 6 Model 154 Stepping 3, GenuineIntel
TMP=C:\Users\Admin\AppData\Local\Temp
TEMP=C:\Users\Admin\AppData\Local\Temp




Periodic native trim disabled

---------------  S Y S T E M  ---------------

OS:
 Windows 11 , 64 bit Build 22621 (10.0.22621.4391)
OS uptime: 10 days 11:07 hours
Hyper-V role detected

CPU: total 20 (initial active 20) (10 cores per cpu, 2 threads per core) family 6 model 154 stepping 3 microcode 0x424, cx8, cmov, fxsr, ht, mmx, 3dnowpref, sse, sse2, sse3, ssse3, sse4.1, sse4.2, popcnt, lzcnt, tsc, tscinvbit, avx, avx2, aes, erms, clmul, bmi1, bmi2, adx, sha, fma, vzeroupper, clflush, clflushopt, clwb, hv, serialize, rdtscp, rdpid, fsrm, f16c, cet_ibt, cet_ss
Processor Information for processor 0
  Max Mhz: 2300, Current Mhz: 1506, Mhz Limit: 2300
Processor Information for processor 1
  Max Mhz: 2300, Current Mhz: 2300, Mhz Limit: 2300
Processor Information for processor 2
  Max Mhz: 2300, Current Mhz: 2300, Mhz Limit: 2300
Processor Information for processor 3
  Max Mhz: 2300, Current Mhz: 1506, Mhz Limit: 2300
Processor Information for processor 4
  Max Mhz: 2300, Current Mhz: 1506, Mhz Limit: 2300
Processor Information for processor 5
  Max Mhz: 2300, Current Mhz: 2300, Mhz Limit: 2300
Processor Information for processor 6
  Max Mhz: 2300, Current Mhz: 1506, Mhz Limit: 2300
Processor Information for processor 7
  Max Mhz: 2300, Current Mhz: 2300, Mhz Limit: 2300
Processor Information for processor 8
  Max Mhz: 2300, Current Mhz: 2300, Mhz Limit: 2300
Processor Information for processor 9
  Max Mhz: 2300, Current Mhz: 1506, Mhz Limit: 2300
Processor Information for processor 10
  Max Mhz: 2300, Current Mhz: 2300, Mhz Limit: 2300
Processor Information for processor 11
  Max Mhz: 2300, Current Mhz: 1506, Mhz Limit: 2300
Processor Information for processor 12
  Max Mhz: 2300, Current Mhz: 1700, Mhz Limit: 1679
Processor Information for processor 13
  Max Mhz: 2300, Current Mhz: 1700, Mhz Limit: 1679
Processor Information for processor 14
  Max Mhz: 2300, Current Mhz: 1700, Mhz Limit: 1679
Processor Information for processor 15
  Max Mhz: 2300, Current Mhz: 1700, Mhz Limit: 1679
Processor Information for processor 16
  Max Mhz: 2300, Current Mhz: 1700, Mhz Limit: 1679
Processor Information for processor 17
  Max Mhz: 2300, Current Mhz: 1700, Mhz Limit: 1679
Processor Information for processor 18
  Max Mhz: 2300, Current Mhz: 1700, Mhz Limit: 1679
Processor Information for processor 19
  Max Mhz: 2300, Current Mhz: 1700, Mhz Limit: 1679

Memory: 4k page, system-wide physical 16108M (1185M free)
TotalPageFile size 28396M (AvailPageFile size 4576M)
current process WorkingSet (physical memory assigned to process): 536M, peak: 598M
current process commit charge ("private bytes"): 712M, peak: 787M

vm_info: Java HotSpot(TM) 64-Bit Server VM (22.0.2+9-70) for windows-amd64 JRE (22.0.2+9-70), built on 2024-06-04T16:52:23Z by "mach5one" with MS VC++ 17.6 (VS2022)

END.
